<?xml version="1.0" encoding="UTF-8"?>
<testsuites name="Test Suite Collection - Make Payment" time="288.144" tests="10" failures="8" skips="0" errors="0">
   <testsuite name="OTA" tests="4" failures="4" errors="0" time="203.498" skips="0" timestamp="2021-02-24 13:29:07" hostname="Katesopon - LAPTOP-PAE3MHPM" id="Test Suites/OTA">
      <properties>
         <property name="deviceName" value=""/>
         <property name="devicePlatform" value=""/>
         <property name="logFolder" value="C:\\Users\\Katesopon\\git\\Katalon-GitTestRepo\\Reports\\20210224_132856\\OTA\\20210224_132857"/>
         <property name="logFiles" value="C:\\Users\\Katesopon\\git\\Katalon-GitTestRepo\\Reports\\20210224_132856\\OTA\\20210224_132857\\execution0.log"/>
         <property name="attachments" value="C:\\Users\\Katesopon\\git\\Katalon-GitTestRepo\\Reports\\20210224_132856\\OTA\\20210224_132857\\1614148173053.png, C:\\Users\\Katesopon\\git\\Katalon-GitTestRepo\\Reports\\20210224_132856\\OTA\\20210224_132857\\1614148225333.png, C:\\Users\\Katesopon\\git\\Katalon-GitTestRepo\\Reports\\20210224_132856\\OTA\\20210224_132857\\1614148283389.png, C:\\Users\\Katesopon\\git\\Katalon-GitTestRepo\\Reports\\20210224_132856\\OTA\\20210224_132857\\1614148348643.png"/>
         <property name="hostName" value="Katesopon - LAPTOP-PAE3MHPM"/>
         <property name="os" value="Windows 10 64bit"/>
         <property name="katalonVersion" value="7.9.1.208"/>
         <property name="browser" value="Chrome 88.0.4324.182"/>
         <property name="hostAddress" value="192.168.1.139"/>
         <property name="sessionId" value="22dfd938da0b49e68d72c6a6398479b8"/>
         <property name="seleniumVersion" value="3.141.59"/>
         <property name="proxyInformation" value="ProxyInformation { proxyOption=NO_PROXY, proxyServerType=HTTP, username=, password=********, proxyServerAddress=, proxyServerPort=0, executionList=&quot;&quot;, isApplyToDesiredCapabilities=true }"/>
         <property name="platform" value="Windows 10"/>
      </properties>
      <testcase name="Test Cases/Login before use a service/09_Normal OTA (login before)" time="24.479" classname="Test Cases/Login before use a service/09_Normal OTA (login before)" status="FAILED">
         <failure type="FAILED" message="Test Cases/Login before use a service/09_Normal OTA (login before) FAILED.
Reason:
com.kms.katalon.core.exception.StepFailedException: Unable to click on object 'Object Repository/Used/zElement-Bluuu/a_OneTimeService'
	at com.kms.katalon.core.webui.keyword.internal.WebUIKeywordMain.stepFailed(WebUIKeywordMain.groovy:64)
	at com.kms.katalon.core.webui.keyword.internal.WebUIKeywordMain.runKeyword(WebUIKeywordMain.groovy:26)
	at com.kms.katalon.core.webui.keyword.builtin.ClickKeyword.click(ClickKeyword.groovy:75)
	at com.kms.katalon.core.webui.keyword.builtin.ClickKeyword.execute(ClickKeyword.groovy:42)
	at com.kms.katalon.core.keyword.internal.KeywordExecutor.executeKeywordForPlatform(KeywordExecutor.groovy:73)
	at com.kms.katalon.core.webui.keyword.WebUiBuiltInKeywords.click(WebUiBuiltInKeywords.groovy:619)
	at com.kms.katalon.core.webui.keyword.WebUiBuiltInKeywords$click$2.call(Unknown Source)
	at 09_Normal OTA (login before).run(09_Normal OTA (login before):44)
	at com.kms.katalon.core.main.ScriptEngine.run(ScriptEngine.java:194)
	at com.kms.katalon.core.main.ScriptEngine.runScriptAsRawText(ScriptEngine.java:119)
	at com.kms.katalon.core.main.TestCaseExecutor.runScript(TestCaseExecutor.java:398)
	at com.kms.katalon.core.main.TestCaseExecutor.doExecute(TestCaseExecutor.java:389)
	at com.kms.katalon.core.main.TestCaseExecutor.processExecutionPhase(TestCaseExecutor.java:368)
	at com.kms.katalon.core.main.TestCaseExecutor.accessMainPhase(TestCaseExecutor.java:360)
	at com.kms.katalon.core.main.TestCaseExecutor.execute(TestCaseExecutor.java:255)
	at com.kms.katalon.core.main.TestSuiteExecutor.accessTestCaseMainPhase(TestSuiteExecutor.java:203)
	at com.kms.katalon.core.main.TestSuiteExecutor.accessTestSuiteMainPhase(TestSuiteExecutor.java:152)
	at com.kms.katalon.core.main.TestSuiteExecutor.execute(TestSuiteExecutor.java:95)
	at com.kms.katalon.core.main.TestCaseMain.startTestSuite(TestCaseMain.java:157)
	at com.kms.katalon.core.main.TestCaseMain$startTestSuite$0.call(Unknown Source)
	at TempTestSuite1614148137054.run(TempTestSuite1614148137054.groovy:39)
Caused by: org.openqa.selenium.ElementClickInterceptedException: element click intercepted: Element &lt;a data-v-6a12ef28=&quot;&quot; href=&quot;/book-one-time&quot; class=&quot;btn booking-btn button-booking btn-success btn-block&quot; target=&quot;_self&quot;>...&lt;/a> is not clickable at point (620, 556). Other element would receive the click: &lt;input type=&quot;text&quot; placeholder=&quot;ชื่อ&quot; required=&quot;required&quot; aria-required=&quot;true&quot; class=&quot;form-control form-control-default&quot; id=&quot;__BVID__123&quot;>
  (Session info: chrome=88.0.4324.182)
Build info: version: '3.141.59', revision: 'e82be7d358', time: '2018-11-14T08:25:53'
System info: host: 'LAPTOP-PAE3MHPM', ip: '192.168.1.139', os.name: 'Windows 10', os.arch: 'amd64', os.version: '10.0', java.version: '1.8.0_181'
Driver info: com.kms.katalon.selenium.driver.CChromeDriver
Capabilities {acceptInsecureCerts: false, browserName: chrome, browserVersion: 88.0.4324.182, chrome: {chromedriverVersion: 88.0.4324.96 (68dba2d8a0b14..., userDataDir: C:\Users\KATESO~1\AppData\L...}, goog:chromeOptions: {debuggerAddress: localhost:64865}, javascriptEnabled: true, networkConnectionEnabled: false, pageLoadStrategy: normal, platform: WINDOWS, platformName: WINDOWS, proxy: Proxy(), setWindowRect: true, strictFileInteractability: false, timeouts: {implicit: 0, pageLoad: 300000, script: 30000}, unhandledPromptBehavior: dismiss and notify, webauthn:extension:largeBlob: true, webauthn:virtualAuthenticators: true}
Session ID: dac80814b6c3d2b33f3aa82dd5c41d61
	at org.openqa.selenium.remote.http.W3CHttpResponseCodec.createException(W3CHttpResponseCodec.java:187)
	at org.openqa.selenium.remote.http.W3CHttpResponseCodec.decode(W3CHttpResponseCodec.java:122)
	at org.openqa.selenium.remote.http.W3CHttpResponseCodec.decode(W3CHttpResponseCodec.java:49)
	at org.openqa.selenium.remote.HttpCommandExecutor.execute(HttpCommandExecutor.java:158)
	at org.openqa.selenium.remote.service.DriverCommandExecutor.execute(DriverCommandExecutor.java:83)
	at org.openqa.selenium.remote.RemoteWebDriver.execute(RemoteWebDriver.java:552)
	at com.kms.katalon.selenium.driver.CChromeDriver.execute(CChromeDriver.java:19)
	at org.openqa.selenium.remote.RemoteWebElement.execute(RemoteWebElement.java:285)
	at org.openqa.selenium.remote.RemoteWebElement.click(RemoteWebElement.java:84)
	at org.openqa.selenium.support.events.EventFiringWebDriver$EventFiringWebElement.lambda$new$0(EventFiringWebDriver.java:404)
	at com.sun.proxy.$Proxy11.click(Unknown Source)
	at org.openqa.selenium.support.events.EventFiringWebDriver$EventFiringWebElement.click(EventFiringWebDriver.java:417)
	at com.kms.katalon.core.webui.keyword.builtin.ClickKeyword$_click_closure1.doCall(ClickKeyword.groovy:68)
	at com.kms.katalon.core.webui.keyword.builtin.ClickKeyword$_click_closure1.call(ClickKeyword.groovy)
	at com.kms.katalon.core.webui.keyword.internal.WebUIKeywordMain.runKeyword(WebUIKeywordMain.groovy:20)
	... 19 more
"/>
         <system-out><![CDATA[2021-02-24 13:29:09 - [TEST_CASE][FAILED] - Test Cases/Login before use a service/09_Normal OTA (login before): Test Cases/Login before use a service/09_Normal OTA (login before) FAILED.
Reason:
com.kms.katalon.core.exception.StepFailedException: Unable to click on object 'Object Repository/Used/zElement-Bluuu/a_OneTimeService'
	at com.kms.katalon.core.webui.keyword.internal.WebUIKeywordMain.stepFailed(WebUIKeywordMain.groovy:64)
	at com.kms.katalon.core.webui.keyword.internal.WebUIKeywordMain.runKeyword(WebUIKeywordMain.groovy:26)
	at com.kms.katalon.core.webui.keyword.builtin.ClickKeyword.click(ClickKeyword.groovy:75)
	at com.kms.katalon.core.webui.keyword.builtin.ClickKeyword.execute(ClickKeyword.groovy:42)
	at com.kms.katalon.core.keyword.internal.KeywordExecutor.executeKeywordForPlatform(KeywordExecutor.groovy:73)
	at com.kms.katalon.core.webui.keyword.WebUiBuiltInKeywords.click(WebUiBuiltInKeywords.groovy:619)
	at com.kms.katalon.core.webui.keyword.WebUiBuiltInKeywords$click$2.call(Unknown Source)
	at 09_Normal OTA (login before).run(09_Normal OTA (login before):44)
	at com.kms.katalon.core.main.ScriptEngine.run(ScriptEngine.java:194)
	at com.kms.katalon.core.main.ScriptEngine.runScriptAsRawText(ScriptEngine.java:119)
	at com.kms.katalon.core.main.TestCaseExecutor.runScript(TestCaseExecutor.java:398)
	at com.kms.katalon.core.main.TestCaseExecutor.doExecute(TestCaseExecutor.java:389)
	at com.kms.katalon.core.main.TestCaseExecutor.processExecutionPhase(TestCaseExecutor.java:368)
	at com.kms.katalon.core.main.TestCaseExecutor.accessMainPhase(TestCaseExecutor.java:360)
	at com.kms.katalon.core.main.TestCaseExecutor.execute(TestCaseExecutor.java:255)
	at com.kms.katalon.core.main.TestSuiteExecutor.accessTestCaseMainPhase(TestSuiteExecutor.java:203)
	at com.kms.katalon.core.main.TestSuiteExecutor.accessTestSuiteMainPhase(TestSuiteExecutor.java:152)
	at com.kms.katalon.core.main.TestSuiteExecutor.execute(TestSuiteExecutor.java:95)
	at com.kms.katalon.core.main.TestCaseMain.startTestSuite(TestCaseMain.java:157)
	at com.kms.katalon.core.main.TestCaseMain$startTestSuite$0.call(Unknown Source)
	at TempTestSuite1614148137054.run(TempTestSuite1614148137054.groovy:39)
Caused by: org.openqa.selenium.ElementClickInterceptedException: element click intercepted: Element <a data-v-6a12ef28="" href="/book-one-time" class="btn booking-btn button-booking btn-success btn-block" target="_self">...</a> is not clickable at point (620, 556). Other element would receive the click: <input type="text" placeholder="ชื่อ" required="required" aria-required="true" class="form-control form-control-default" id="__BVID__123">
  (Session info: chrome=88.0.4324.182)
Build info: version: '3.141.59', revision: 'e82be7d358', time: '2018-11-14T08:25:53'
System info: host: 'LAPTOP-PAE3MHPM', ip: '192.168.1.139', os.name: 'Windows 10', os.arch: 'amd64', os.version: '10.0', java.version: '1.8.0_181'
Driver info: com.kms.katalon.selenium.driver.CChromeDriver
Capabilities {acceptInsecureCerts: false, browserName: chrome, browserVersion: 88.0.4324.182, chrome: {chromedriverVersion: 88.0.4324.96 (68dba2d8a0b14..., userDataDir: C:\Users\KATESO~1\AppData\L...}, goog:chromeOptions: {debuggerAddress: localhost:64865}, javascriptEnabled: true, networkConnectionEnabled: false, pageLoadStrategy: normal, platform: WINDOWS, platformName: WINDOWS, proxy: Proxy(), setWindowRect: true, strictFileInteractability: false, timeouts: {implicit: 0, pageLoad: 300000, script: 30000}, unhandledPromptBehavior: dismiss and notify, webauthn:extension:largeBlob: true, webauthn:virtualAuthenticators: true}
Session ID: dac80814b6c3d2b33f3aa82dd5c41d61
	at org.openqa.selenium.remote.http.W3CHttpResponseCodec.createException(W3CHttpResponseCodec.java:187)
	at org.openqa.selenium.remote.http.W3CHttpResponseCodec.decode(W3CHttpResponseCodec.java:122)
	at org.openqa.selenium.remote.http.W3CHttpResponseCodec.decode(W3CHttpResponseCodec.java:49)
	at org.openqa.selenium.remote.HttpCommandExecutor.execute(HttpCommandExecutor.java:158)
	at org.openqa.selenium.remote.service.DriverCommandExecutor.execute(DriverCommandExecutor.java:83)
	at org.openqa.selenium.remote.RemoteWebDriver.execute(RemoteWebDriver.java:552)
	at com.kms.katalon.selenium.driver.CChromeDriver.execute(CChromeDriver.java:19)
	at org.openqa.selenium.remote.RemoteWebElement.execute(RemoteWebElement.java:285)
	at org.openqa.selenium.remote.RemoteWebElement.click(RemoteWebElement.java:84)
	at org.openqa.selenium.support.events.EventFiringWebDriver$EventFiringWebElement.lambda$new$0(EventFiringWebDriver.java:404)
	at com.sun.proxy.$Proxy11.click(Unknown Source)
	at org.openqa.selenium.support.events.EventFiringWebDriver$EventFiringWebElement.click(EventFiringWebDriver.java:417)
	at com.kms.katalon.core.webui.keyword.builtin.ClickKeyword$_click_closure1.doCall(ClickKeyword.groovy:68)
	at com.kms.katalon.core.webui.keyword.builtin.ClickKeyword$_click_closure1.call(ClickKeyword.groovy)
	at com.kms.katalon.core.webui.keyword.internal.WebUIKeywordMain.runKeyword(WebUIKeywordMain.groovy:20)
	... 19 more


2021-02-24 13:29:11 - [TEST_STEP][PASSED] - openBrowser(""): Browser is opened with url: ''

2021-02-24 13:29:12 - [MESSAGE][INFO] - Starting 'Chrome' driver

2021-02-24 13:29:12 - [MESSAGE][INFO] - Action delay is set to 0 milliseconds

2021-02-24 13:29:15 - [MESSAGE][PASSED] - Browser is opened with url: ''

2021-02-24 13:29:15 - [TEST_STEP][PASSED] - navigateToUrl("https://uat.bluuu.co/"): Navigate to 'https://uat.bluuu.co/' successfully

2021-02-24 13:29:18 - [MESSAGE][PASSED] - Navigate to 'https://uat.bluuu.co/' successfully

2021-02-24 13:29:18 - [TEST_STEP][PASSED] - maximizeWindow(): Current window maximized

2021-02-24 13:29:18 - [MESSAGE][PASSED] - Current window maximized

2021-02-24 13:29:18 - [TEST_STEP][PASSED] - click(findTestObject("Object Repository/Used/zElement-Bluuu/img_TH_avatar_Not-Login")): Object: 'Object Repository/Used/zElement-Bluuu/img_TH_avatar_Not-Login' is clicked on

2021-02-24 13:29:19 - [MESSAGE][PASSED] - Object: 'Object Repository/Used/zElement-Bluuu/img_TH_avatar_Not-Login' is clicked on

2021-02-24 13:29:19 - [TEST_STEP][PASSED] - click(findTestObject("Object Repository/Used/zElement-Bluuu/button_ Facebook_Login")): Object: 'Object Repository/Used/zElement-Bluuu/button_ Facebook_Login' is clicked on

2021-02-24 13:29:20 - [MESSAGE][PASSED] - Object: 'Object Repository/Used/zElement-Bluuu/button_ Facebook_Login' is clicked on

2021-02-24 13:29:20 - [TEST_STEP][PASSED] - switchToWindowTitle("Facebook"): Switched to window with title: 'Facebook'

2021-02-24 13:29:22 - [MESSAGE][PASSED] - Switched to window with title: 'Facebook'

2021-02-24 13:29:22 - [TEST_STEP][PASSED] - setText(findTestObject("Object Repository/Used/001/Page-Facebook/input__email"), "qmkecjunto_1612852822@tfbnw.net"): Text 'qmkecjunto_1612852822@tfbnw.net' is set on object 'Object Repository/Used/001/Page-Facebook/input__email'

2021-02-24 13:29:23 - [MESSAGE][PASSED] - Text 'qmkecjunto_1612852822@tfbnw.net' is set on object 'Object Repository/Used/001/Page-Facebook/input__email'

2021-02-24 13:29:23 - [TEST_STEP][PASSED] - setEncryptedText(findTestObject("Object Repository/Used/001/Page-Facebook/input__pass"), "gOP7IdE590r7JITAEPMRJQ=="): Text ****** has been set on object 'Object Repository/Used/001/Page-Facebook/input__pass'

2021-02-24 13:29:24 - [MESSAGE][PASSED] - Text ****** has been set on object 'Object Repository/Used/001/Page-Facebook/input__pass'

2021-02-24 13:29:24 - [TEST_STEP][PASSED] - click(findTestObject("Object Repository/Used/001/Page-Facebook/label__loginbutton")): Object: 'Object Repository/Used/001/Page-Facebook/label__loginbutton' is clicked on

2021-02-24 13:29:24 - [MESSAGE][PASSED] - Object: 'Object Repository/Used/001/Page-Facebook/label__loginbutton' is clicked on

2021-02-24 13:29:24 - [TEST_STEP][PASSED] - delay(7): Delayed 7 second(s)

2021-02-24 13:29:31 - [MESSAGE][PASSED] - Delayed 7 second(s)

2021-02-24 13:29:31 - [TEST_STEP][PASSED] - switchToWindowTitle("Bluuu - จ้างแม่บ้าน ผู้เชี่ยวชาญเรื่องบ้านที่คุณไว้วางใจได้มากที่สุด"): Switched to window with title: 'Bluuu - จ้างแม่บ้าน ผู้เชี่ยวชาญเรื่องบ้านที่คุณไว้วางใจได้มากที่สุด'

2021-02-24 13:29:31 - [MESSAGE][PASSED] - Switched to window with title: 'Bluuu - จ้างแม่บ้าน ผู้เชี่ยวชาญเรื่องบ้านที่คุณไว้วางใจได้มากที่สุด'

2021-02-24 13:29:31 - [TEST_STEP][FAILED] - click(findTestObject("Used/zElement-Bluuu/a_OneTimeService")): Unable to click on object 'Object Repository/Used/zElement-Bluuu/a_OneTimeService' (Root cause: com.kms.katalon.core.exception.StepFailedException: Unable to click on object 'Object Repository/Used/zElement-Bluuu/a_OneTimeService'
	at com.kms.katalon.core.webui.keyword.internal.WebUIKeywordMain.stepFailed(WebUIKeywordMain.groovy:64)
	at com.kms.katalon.core.webui.keyword.internal.WebUIKeywordMain.runKeyword(WebUIKeywordMain.groovy:26)
	at com.kms.katalon.core.webui.keyword.builtin.ClickKeyword.click(ClickKeyword.groovy:75)
	at com.kms.katalon.core.webui.keyword.builtin.ClickKeyword.execute(ClickKeyword.groovy:42)
	at com.kms.katalon.core.keyword.internal.KeywordExecutor.executeKeywordForPlatform(KeywordExecutor.groovy:73)
	at com.kms.katalon.core.webui.keyword.WebUiBuiltInKeywords.click(WebUiBuiltInKeywords.groovy:619)
	at com.kms.katalon.core.webui.keyword.WebUiBuiltInKeywords$click$2.call(Unknown Source)
	at 09_Normal OTA (login before).run(09_Normal OTA (login before):44)
	at com.kms.katalon.core.main.ScriptEngine.run(ScriptEngine.java:194)
	at com.kms.katalon.core.main.ScriptEngine.runScriptAsRawText(ScriptEngine.java:119)
	at com.kms.katalon.core.main.TestCaseExecutor.runScript(TestCaseExecutor.java:398)
	at com.kms.katalon.core.main.TestCaseExecutor.doExecute(TestCaseExecutor.java:389)
	at com.kms.katalon.core.main.TestCaseExecutor.processExecutionPhase(TestCaseExecutor.java:368)
	at com.kms.katalon.core.main.TestCaseExecutor.accessMainPhase(TestCaseExecutor.java:360)
	at com.kms.katalon.core.main.TestCaseExecutor.execute(TestCaseExecutor.java:255)
	at com.kms.katalon.core.main.TestSuiteExecutor.accessTestCaseMainPhase(TestSuiteExecutor.java:203)
	at com.kms.katalon.core.main.TestSuiteExecutor.accessTestSuiteMainPhase(TestSuiteExecutor.java:152)
	at com.kms.katalon.core.main.TestSuiteExecutor.execute(TestSuiteExecutor.java:95)
	at com.kms.katalon.core.main.TestCaseMain.startTestSuite(TestCaseMain.java:157)
	at com.kms.katalon.core.main.TestCaseMain$startTestSuite$0.call(Unknown Source)
	at TempTestSuite1614148137054.run(TempTestSuite1614148137054.groovy:39)
Caused by: org.openqa.selenium.ElementClickInterceptedException: element click intercepted: Element <a data-v-6a12ef28="" href="/book-one-time" class="btn booking-btn button-booking btn-success btn-block" target="_self">...</a> is not clickable at point (620, 556). Other element would receive the click: <input type="text" placeholder="ชื่อ" required="required" aria-required="true" class="form-control form-control-default" id="__BVID__123">
  (Session info: chrome=88.0.4324.182)
Build info: version: '3.141.59', revision: 'e82be7d358', time: '2018-11-14T08:25:53'
System info: host: 'LAPTOP-PAE3MHPM', ip: '192.168.1.139', os.name: 'Windows 10', os.arch: 'amd64', os.version: '10.0', java.version: '1.8.0_181'
Driver info: com.kms.katalon.selenium.driver.CChromeDriver
Capabilities {acceptInsecureCerts: false, browserName: chrome, browserVersion: 88.0.4324.182, chrome: {chromedriverVersion: 88.0.4324.96 (68dba2d8a0b14..., userDataDir: C:\Users\KATESO~1\AppData\L...}, goog:chromeOptions: {debuggerAddress: localhost:64865}, javascriptEnabled: true, networkConnectionEnabled: false, pageLoadStrategy: normal, platform: WINDOWS, platformName: WINDOWS, proxy: Proxy(), setWindowRect: true, strictFileInteractability: false, timeouts: {implicit: 0, pageLoad: 300000, script: 30000}, unhandledPromptBehavior: dismiss and notify, webauthn:extension:largeBlob: true, webauthn:virtualAuthenticators: true}
Session ID: dac80814b6c3d2b33f3aa82dd5c41d61
	at org.openqa.selenium.remote.http.W3CHttpResponseCodec.createException(W3CHttpResponseCodec.java:187)
	at org.openqa.selenium.remote.http.W3CHttpResponseCodec.decode(W3CHttpResponseCodec.java:122)
	at org.openqa.selenium.remote.http.W3CHttpResponseCodec.decode(W3CHttpResponseCodec.java:49)
	at org.openqa.selenium.remote.HttpCommandExecutor.execute(HttpCommandExecutor.java:158)
	at org.openqa.selenium.remote.service.DriverCommandExecutor.execute(DriverCommandExecutor.java:83)
	at org.openqa.selenium.remote.RemoteWebDriver.execute(RemoteWebDriver.java:552)
	at com.kms.katalon.selenium.driver.CChromeDriver.execute(CChromeDriver.java:19)
	at org.openqa.selenium.remote.RemoteWebElement.execute(RemoteWebElement.java:285)
	at org.openqa.selenium.remote.RemoteWebElement.click(RemoteWebElement.java:84)
	at org.openqa.selenium.support.events.EventFiringWebDriver$EventFiringWebElement.lambda$new$0(EventFiringWebDriver.java:404)
	at com.sun.proxy.$Proxy11.click(Unknown Source)
	at org.openqa.selenium.support.events.EventFiringWebDriver$EventFiringWebElement.click(EventFiringWebDriver.java:417)
	at com.kms.katalon.core.webui.keyword.builtin.ClickKeyword$_click_closure1.doCall(ClickKeyword.groovy:68)
	at com.kms.katalon.core.webui.keyword.builtin.ClickKeyword$_click_closure1.call(ClickKeyword.groovy)
	at com.kms.katalon.core.webui.keyword.internal.WebUIKeywordMain.runKeyword(WebUIKeywordMain.groovy:20)
	at com.kms.katalon.core.webui.keyword.builtin.ClickKeyword.click(ClickKeyword.groovy:75)
	at com.kms.katalon.core.webui.keyword.builtin.ClickKeyword.execute(ClickKeyword.groovy:42)
	at com.kms.katalon.core.keyword.internal.KeywordExecutor.executeKeywordForPlatform(KeywordExecutor.groovy:73)
	at com.kms.katalon.core.webui.keyword.WebUiBuiltInKeywords.click(WebUiBuiltInKeywords.groovy:619)
	at com.kms.katalon.core.webui.keyword.WebUiBuiltInKeywords$click$2.call(Unknown Source)
	at Script1613980071054.run(Script1613980071054.groovy:44)
	... 13 more
)

2021-02-24 13:29:34 - [MESSAGE][FAILED] - Unable to click on object 'Object Repository/Used/zElement-Bluuu/a_OneTimeService' (Root cause: com.kms.katalon.core.exception.StepFailedException: Unable to click on object 'Object Repository/Used/zElement-Bluuu/a_OneTimeService'
	at com.kms.katalon.core.webui.keyword.internal.WebUIKeywordMain.stepFailed(WebUIKeywordMain.groovy:64)
	at com.kms.katalon.core.webui.keyword.internal.WebUIKeywordMain.runKeyword(WebUIKeywordMain.groovy:26)
	at com.kms.katalon.core.webui.keyword.builtin.ClickKeyword.click(ClickKeyword.groovy:75)
	at com.kms.katalon.core.webui.keyword.builtin.ClickKeyword.execute(ClickKeyword.groovy:42)
	at com.kms.katalon.core.keyword.internal.KeywordExecutor.executeKeywordForPlatform(KeywordExecutor.groovy:73)
	at com.kms.katalon.core.webui.keyword.WebUiBuiltInKeywords.click(WebUiBuiltInKeywords.groovy:619)
	at com.kms.katalon.core.webui.keyword.WebUiBuiltInKeywords$click$2.call(Unknown Source)
	at 09_Normal OTA (login before).run(09_Normal OTA (login before):44)
	at com.kms.katalon.core.main.ScriptEngine.run(ScriptEngine.java:194)
	at com.kms.katalon.core.main.ScriptEngine.runScriptAsRawText(ScriptEngine.java:119)
	at com.kms.katalon.core.main.TestCaseExecutor.runScript(TestCaseExecutor.java:398)
	at com.kms.katalon.core.main.TestCaseExecutor.doExecute(TestCaseExecutor.java:389)
	at com.kms.katalon.core.main.TestCaseExecutor.processExecutionPhase(TestCaseExecutor.java:368)
	at com.kms.katalon.core.main.TestCaseExecutor.accessMainPhase(TestCaseExecutor.java:360)
	at com.kms.katalon.core.main.TestCaseExecutor.execute(TestCaseExecutor.java:255)
	at com.kms.katalon.core.main.TestSuiteExecutor.accessTestCaseMainPhase(TestSuiteExecutor.java:203)
	at com.kms.katalon.core.main.TestSuiteExecutor.accessTestSuiteMainPhase(TestSuiteExecutor.java:152)
	at com.kms.katalon.core.main.TestSuiteExecutor.execute(TestSuiteExecutor.java:95)
	at com.kms.katalon.core.main.TestCaseMain.startTestSuite(TestCaseMain.java:157)
	at com.kms.katalon.core.main.TestCaseMain$startTestSuite$0.call(Unknown Source)
	at TempTestSuite1614148137054.run(TempTestSuite1614148137054.groovy:39)
Caused by: org.openqa.selenium.ElementClickInterceptedException: element click intercepted: Element <a data-v-6a12ef28="" href="/book-one-time" class="btn booking-btn button-booking btn-success btn-block" target="_self">...</a> is not clickable at point (620, 556). Other element would receive the click: <input type="text" placeholder="ชื่อ" required="required" aria-required="true" class="form-control form-control-default" id="__BVID__123">
  (Session info: chrome=88.0.4324.182)
Build info: version: '3.141.59', revision: 'e82be7d358', time: '2018-11-14T08:25:53'
System info: host: 'LAPTOP-PAE3MHPM', ip: '192.168.1.139', os.name: 'Windows 10', os.arch: 'amd64', os.version: '10.0', java.version: '1.8.0_181'
Driver info: com.kms.katalon.selenium.driver.CChromeDriver
Capabilities {acceptInsecureCerts: false, browserName: chrome, browserVersion: 88.0.4324.182, chrome: {chromedriverVersion: 88.0.4324.96 (68dba2d8a0b14..., userDataDir: C:\Users\KATESO~1\AppData\L...}, goog:chromeOptions: {debuggerAddress: localhost:64865}, javascriptEnabled: true, networkConnectionEnabled: false, pageLoadStrategy: normal, platform: WINDOWS, platformName: WINDOWS, proxy: Proxy(), setWindowRect: true, strictFileInteractability: false, timeouts: {implicit: 0, pageLoad: 300000, script: 30000}, unhandledPromptBehavior: dismiss and notify, webauthn:extension:largeBlob: true, webauthn:virtualAuthenticators: true}
Session ID: dac80814b6c3d2b33f3aa82dd5c41d61
	at org.openqa.selenium.remote.http.W3CHttpResponseCodec.createException(W3CHttpResponseCodec.java:187)
	at org.openqa.selenium.remote.http.W3CHttpResponseCodec.decode(W3CHttpResponseCodec.java:122)
	at org.openqa.selenium.remote.http.W3CHttpResponseCodec.decode(W3CHttpResponseCodec.java:49)
	at org.openqa.selenium.remote.HttpCommandExecutor.execute(HttpCommandExecutor.java:158)
	at org.openqa.selenium.remote.service.DriverCommandExecutor.execute(DriverCommandExecutor.java:83)
	at org.openqa.selenium.remote.RemoteWebDriver.execute(RemoteWebDriver.java:552)
	at com.kms.katalon.selenium.driver.CChromeDriver.execute(CChromeDriver.java:19)
	at org.openqa.selenium.remote.RemoteWebElement.execute(RemoteWebElement.java:285)
	at org.openqa.selenium.remote.RemoteWebElement.click(RemoteWebElement.java:84)
	at org.openqa.selenium.support.events.EventFiringWebDriver$EventFiringWebElement.lambda$new$0(EventFiringWebDriver.java:404)
	at com.sun.proxy.$Proxy11.click(Unknown Source)
	at org.openqa.selenium.support.events.EventFiringWebDriver$EventFiringWebElement.click(EventFiringWebDriver.java:417)
	at com.kms.katalon.core.webui.keyword.builtin.ClickKeyword$_click_closure1.doCall(ClickKeyword.groovy:68)
	at com.kms.katalon.core.webui.keyword.builtin.ClickKeyword$_click_closure1.call(ClickKeyword.groovy)
	at com.kms.katalon.core.webui.keyword.internal.WebUIKeywordMain.runKeyword(WebUIKeywordMain.groovy:20)
	at com.kms.katalon.core.webui.keyword.builtin.ClickKeyword.click(ClickKeyword.groovy:75)
	at com.kms.katalon.core.webui.keyword.builtin.ClickKeyword.execute(ClickKeyword.groovy:42)
	at com.kms.katalon.core.keyword.internal.KeywordExecutor.executeKeywordForPlatform(KeywordExecutor.groovy:73)
	at com.kms.katalon.core.webui.keyword.WebUiBuiltInKeywords.click(WebUiBuiltInKeywords.groovy:619)
	at com.kms.katalon.core.webui.keyword.WebUiBuiltInKeywords$click$2.call(Unknown Source)
	at Script1613980071054.run(Script1613980071054.groovy:44)
	... 13 more
)
[[ATTACHMENT|C:\\Users\\Katesopon\\git\\Katalon-GitTestRepo\\Reports\\20210224_132856\\OTA\\20210224_132857\\1614148173053.png]]]]></system-out>
         <system-err><![CDATA[2021-02-24 13:29:09 - [TEST_CASE][FAILED] - Test Cases/Login before use a service/09_Normal OTA (login before): Test Cases/Login before use a service/09_Normal OTA (login before) FAILED.
Reason:
com.kms.katalon.core.exception.StepFailedException: Unable to click on object 'Object Repository/Used/zElement-Bluuu/a_OneTimeService'
	at com.kms.katalon.core.webui.keyword.internal.WebUIKeywordMain.stepFailed(WebUIKeywordMain.groovy:64)
	at com.kms.katalon.core.webui.keyword.internal.WebUIKeywordMain.runKeyword(WebUIKeywordMain.groovy:26)
	at com.kms.katalon.core.webui.keyword.builtin.ClickKeyword.click(ClickKeyword.groovy:75)
	at com.kms.katalon.core.webui.keyword.builtin.ClickKeyword.execute(ClickKeyword.groovy:42)
	at com.kms.katalon.core.keyword.internal.KeywordExecutor.executeKeywordForPlatform(KeywordExecutor.groovy:73)
	at com.kms.katalon.core.webui.keyword.WebUiBuiltInKeywords.click(WebUiBuiltInKeywords.groovy:619)
	at com.kms.katalon.core.webui.keyword.WebUiBuiltInKeywords$click$2.call(Unknown Source)
	at 09_Normal OTA (login before).run(09_Normal OTA (login before):44)
	at com.kms.katalon.core.main.ScriptEngine.run(ScriptEngine.java:194)
	at com.kms.katalon.core.main.ScriptEngine.runScriptAsRawText(ScriptEngine.java:119)
	at com.kms.katalon.core.main.TestCaseExecutor.runScript(TestCaseExecutor.java:398)
	at com.kms.katalon.core.main.TestCaseExecutor.doExecute(TestCaseExecutor.java:389)
	at com.kms.katalon.core.main.TestCaseExecutor.processExecutionPhase(TestCaseExecutor.java:368)
	at com.kms.katalon.core.main.TestCaseExecutor.accessMainPhase(TestCaseExecutor.java:360)
	at com.kms.katalon.core.main.TestCaseExecutor.execute(TestCaseExecutor.java:255)
	at com.kms.katalon.core.main.TestSuiteExecutor.accessTestCaseMainPhase(TestSuiteExecutor.java:203)
	at com.kms.katalon.core.main.TestSuiteExecutor.accessTestSuiteMainPhase(TestSuiteExecutor.java:152)
	at com.kms.katalon.core.main.TestSuiteExecutor.execute(TestSuiteExecutor.java:95)
	at com.kms.katalon.core.main.TestCaseMain.startTestSuite(TestCaseMain.java:157)
	at com.kms.katalon.core.main.TestCaseMain$startTestSuite$0.call(Unknown Source)
	at TempTestSuite1614148137054.run(TempTestSuite1614148137054.groovy:39)
Caused by: org.openqa.selenium.ElementClickInterceptedException: element click intercepted: Element <a data-v-6a12ef28="" href="/book-one-time" class="btn booking-btn button-booking btn-success btn-block" target="_self">...</a> is not clickable at point (620, 556). Other element would receive the click: <input type="text" placeholder="ชื่อ" required="required" aria-required="true" class="form-control form-control-default" id="__BVID__123">
  (Session info: chrome=88.0.4324.182)
Build info: version: '3.141.59', revision: 'e82be7d358', time: '2018-11-14T08:25:53'
System info: host: 'LAPTOP-PAE3MHPM', ip: '192.168.1.139', os.name: 'Windows 10', os.arch: 'amd64', os.version: '10.0', java.version: '1.8.0_181'
Driver info: com.kms.katalon.selenium.driver.CChromeDriver
Capabilities {acceptInsecureCerts: false, browserName: chrome, browserVersion: 88.0.4324.182, chrome: {chromedriverVersion: 88.0.4324.96 (68dba2d8a0b14..., userDataDir: C:\Users\KATESO~1\AppData\L...}, goog:chromeOptions: {debuggerAddress: localhost:64865}, javascriptEnabled: true, networkConnectionEnabled: false, pageLoadStrategy: normal, platform: WINDOWS, platformName: WINDOWS, proxy: Proxy(), setWindowRect: true, strictFileInteractability: false, timeouts: {implicit: 0, pageLoad: 300000, script: 30000}, unhandledPromptBehavior: dismiss and notify, webauthn:extension:largeBlob: true, webauthn:virtualAuthenticators: true}
Session ID: dac80814b6c3d2b33f3aa82dd5c41d61
	at org.openqa.selenium.remote.http.W3CHttpResponseCodec.createException(W3CHttpResponseCodec.java:187)
	at org.openqa.selenium.remote.http.W3CHttpResponseCodec.decode(W3CHttpResponseCodec.java:122)
	at org.openqa.selenium.remote.http.W3CHttpResponseCodec.decode(W3CHttpResponseCodec.java:49)
	at org.openqa.selenium.remote.HttpCommandExecutor.execute(HttpCommandExecutor.java:158)
	at org.openqa.selenium.remote.service.DriverCommandExecutor.execute(DriverCommandExecutor.java:83)
	at org.openqa.selenium.remote.RemoteWebDriver.execute(RemoteWebDriver.java:552)
	at com.kms.katalon.selenium.driver.CChromeDriver.execute(CChromeDriver.java:19)
	at org.openqa.selenium.remote.RemoteWebElement.execute(RemoteWebElement.java:285)
	at org.openqa.selenium.remote.RemoteWebElement.click(RemoteWebElement.java:84)
	at org.openqa.selenium.support.events.EventFiringWebDriver$EventFiringWebElement.lambda$new$0(EventFiringWebDriver.java:404)
	at com.sun.proxy.$Proxy11.click(Unknown Source)
	at org.openqa.selenium.support.events.EventFiringWebDriver$EventFiringWebElement.click(EventFiringWebDriver.java:417)
	at com.kms.katalon.core.webui.keyword.builtin.ClickKeyword$_click_closure1.doCall(ClickKeyword.groovy:68)
	at com.kms.katalon.core.webui.keyword.builtin.ClickKeyword$_click_closure1.call(ClickKeyword.groovy)
	at com.kms.katalon.core.webui.keyword.internal.WebUIKeywordMain.runKeyword(WebUIKeywordMain.groovy:20)
	... 19 more]]></system-err>
      </testcase>
      <testcase name="Test Cases/Login before use a service/10_OTA with Promotion (login before)" time="51.567" classname="Test Cases/Login before use a service/10_OTA with Promotion (login before)" status="FAILED">
         <failure type="FAILED" message="Test Cases/Login before use a service/10_OTA with Promotion (login before) FAILED.
Reason:
com.kms.katalon.core.exception.StepFailedException: Unable to click on object 'Object Repository/Used/Page_Bluuu/li_3 hours'
	at com.kms.katalon.core.webui.keyword.internal.WebUIKeywordMain.stepFailed(WebUIKeywordMain.groovy:64)
	at com.kms.katalon.core.webui.keyword.internal.WebUIKeywordMain.runKeyword(WebUIKeywordMain.groovy:26)
	at com.kms.katalon.core.webui.keyword.builtin.ClickKeyword.click(ClickKeyword.groovy:75)
	at com.kms.katalon.core.webui.keyword.builtin.ClickKeyword.execute(ClickKeyword.groovy:42)
	at com.kms.katalon.core.keyword.internal.KeywordExecutor.executeKeywordForPlatform(KeywordExecutor.groovy:73)
	at com.kms.katalon.core.webui.keyword.WebUiBuiltInKeywords.click(WebUiBuiltInKeywords.groovy:619)
	at com.kms.katalon.core.webui.keyword.WebUiBuiltInKeywords$click$2.call(Unknown Source)
	at 10_OTA with Promotion (login before).run(10_OTA with Promotion (login before):72)
	at com.kms.katalon.core.main.ScriptEngine.run(ScriptEngine.java:194)
	at com.kms.katalon.core.main.ScriptEngine.runScriptAsRawText(ScriptEngine.java:119)
	at com.kms.katalon.core.main.TestCaseExecutor.runScript(TestCaseExecutor.java:398)
	at com.kms.katalon.core.main.TestCaseExecutor.doExecute(TestCaseExecutor.java:389)
	at com.kms.katalon.core.main.TestCaseExecutor.processExecutionPhase(TestCaseExecutor.java:368)
	at com.kms.katalon.core.main.TestCaseExecutor.accessMainPhase(TestCaseExecutor.java:360)
	at com.kms.katalon.core.main.TestCaseExecutor.execute(TestCaseExecutor.java:255)
	at com.kms.katalon.core.main.TestSuiteExecutor.accessTestCaseMainPhase(TestSuiteExecutor.java:203)
	at com.kms.katalon.core.main.TestSuiteExecutor.accessTestSuiteMainPhase(TestSuiteExecutor.java:152)
	at com.kms.katalon.core.main.TestSuiteExecutor.execute(TestSuiteExecutor.java:95)
	at com.kms.katalon.core.main.TestCaseMain.startTestSuite(TestCaseMain.java:157)
	at com.kms.katalon.core.main.TestCaseMain$startTestSuite$0.call(Unknown Source)
	at TempTestSuite1614148137054.run(TempTestSuite1614148137054.groovy:39)
Caused by: com.kms.katalon.core.webui.exception.WebElementNotFoundException: Web element with id: 'Object Repository/Used/Page_Bluuu/li_3 hours' located by '//fieldset[@id='__BVID__218']/div/div/div/ul/li[3]' not found
	at com.kms.katalon.core.webui.common.WebUiCommonHelper.findWebElement(WebUiCommonHelper.java:1368)
	at com.kms.katalon.core.webui.keyword.internal.WebUIAbstractKeyword.findWebElement(WebUIAbstractKeyword.groovy:27)
	at com.kms.katalon.core.webui.keyword.internal.WebUIAbstractKeyword.findWebElement(WebUIAbstractKeyword.groovy:26)
	at com.kms.katalon.core.webui.keyword.builtin.ClickKeyword$_click_closure1.doCall(ClickKeyword.groovy:66)
	at com.kms.katalon.core.webui.keyword.builtin.ClickKeyword$_click_closure1.call(ClickKeyword.groovy)
	at com.kms.katalon.core.webui.keyword.internal.WebUIKeywordMain.runKeyword(WebUIKeywordMain.groovy:20)
	... 19 more
"/>
         <system-out><![CDATA[2021-02-24 13:29:34 - [TEST_CASE][FAILED] - Test Cases/Login before use a service/10_OTA with Promotion (login before): Test Cases/Login before use a service/10_OTA with Promotion (login before) FAILED.
Reason:
com.kms.katalon.core.exception.StepFailedException: Unable to click on object 'Object Repository/Used/Page_Bluuu/li_3 hours'
	at com.kms.katalon.core.webui.keyword.internal.WebUIKeywordMain.stepFailed(WebUIKeywordMain.groovy:64)
	at com.kms.katalon.core.webui.keyword.internal.WebUIKeywordMain.runKeyword(WebUIKeywordMain.groovy:26)
	at com.kms.katalon.core.webui.keyword.builtin.ClickKeyword.click(ClickKeyword.groovy:75)
	at com.kms.katalon.core.webui.keyword.builtin.ClickKeyword.execute(ClickKeyword.groovy:42)
	at com.kms.katalon.core.keyword.internal.KeywordExecutor.executeKeywordForPlatform(KeywordExecutor.groovy:73)
	at com.kms.katalon.core.webui.keyword.WebUiBuiltInKeywords.click(WebUiBuiltInKeywords.groovy:619)
	at com.kms.katalon.core.webui.keyword.WebUiBuiltInKeywords$click$2.call(Unknown Source)
	at 10_OTA with Promotion (login before).run(10_OTA with Promotion (login before):72)
	at com.kms.katalon.core.main.ScriptEngine.run(ScriptEngine.java:194)
	at com.kms.katalon.core.main.ScriptEngine.runScriptAsRawText(ScriptEngine.java:119)
	at com.kms.katalon.core.main.TestCaseExecutor.runScript(TestCaseExecutor.java:398)
	at com.kms.katalon.core.main.TestCaseExecutor.doExecute(TestCaseExecutor.java:389)
	at com.kms.katalon.core.main.TestCaseExecutor.processExecutionPhase(TestCaseExecutor.java:368)
	at com.kms.katalon.core.main.TestCaseExecutor.accessMainPhase(TestCaseExecutor.java:360)
	at com.kms.katalon.core.main.TestCaseExecutor.execute(TestCaseExecutor.java:255)
	at com.kms.katalon.core.main.TestSuiteExecutor.accessTestCaseMainPhase(TestSuiteExecutor.java:203)
	at com.kms.katalon.core.main.TestSuiteExecutor.accessTestSuiteMainPhase(TestSuiteExecutor.java:152)
	at com.kms.katalon.core.main.TestSuiteExecutor.execute(TestSuiteExecutor.java:95)
	at com.kms.katalon.core.main.TestCaseMain.startTestSuite(TestCaseMain.java:157)
	at com.kms.katalon.core.main.TestCaseMain$startTestSuite$0.call(Unknown Source)
	at TempTestSuite1614148137054.run(TempTestSuite1614148137054.groovy:39)
Caused by: com.kms.katalon.core.webui.exception.WebElementNotFoundException: Web element with id: 'Object Repository/Used/Page_Bluuu/li_3 hours' located by '//fieldset[@id='__BVID__218']/div/div/div/ul/li[3]' not found
	at com.kms.katalon.core.webui.common.WebUiCommonHelper.findWebElement(WebUiCommonHelper.java:1368)
	at com.kms.katalon.core.webui.keyword.internal.WebUIAbstractKeyword.findWebElement(WebUIAbstractKeyword.groovy:27)
	at com.kms.katalon.core.webui.keyword.internal.WebUIAbstractKeyword.findWebElement(WebUIAbstractKeyword.groovy:26)
	at com.kms.katalon.core.webui.keyword.builtin.ClickKeyword$_click_closure1.doCall(ClickKeyword.groovy:66)
	at com.kms.katalon.core.webui.keyword.builtin.ClickKeyword$_click_closure1.call(ClickKeyword.groovy)
	at com.kms.katalon.core.webui.keyword.internal.WebUIKeywordMain.runKeyword(WebUIKeywordMain.groovy:20)
	... 19 more


2021-02-24 13:29:34 - [TEST_STEP][PASSED] - openBrowser(""): Browser is opened with url: ''

2021-02-24 13:29:34 - [MESSAGE][WARNING] - A browser is already opened. Closing browser and opening a new one

2021-02-24 13:29:35 - [MESSAGE][INFO] - Starting 'Chrome' driver

2021-02-24 13:29:35 - [MESSAGE][INFO] - Action delay is set to 0 milliseconds

2021-02-24 13:29:36 - [MESSAGE][PASSED] - Browser is opened with url: ''

2021-02-24 13:29:36 - [TEST_STEP][PASSED] - navigateToUrl("https://uat.bluuu.co/"): Navigate to 'https://uat.bluuu.co/' successfully

2021-02-24 13:29:39 - [MESSAGE][PASSED] - Navigate to 'https://uat.bluuu.co/' successfully

2021-02-24 13:29:39 - [TEST_STEP][PASSED] - maximizeWindow(): Current window maximized

2021-02-24 13:29:39 - [MESSAGE][PASSED] - Current window maximized

2021-02-24 13:29:39 - [TEST_STEP][PASSED] - click(findTestObject("Used/zElement-Bluuu/img_TH_avatar_Not-Login")): Object: 'Object Repository/Used/zElement-Bluuu/img_TH_avatar_Not-Login' is clicked on

2021-02-24 13:29:40 - [MESSAGE][PASSED] - Object: 'Object Repository/Used/zElement-Bluuu/img_TH_avatar_Not-Login' is clicked on

2021-02-24 13:29:40 - [TEST_STEP][PASSED] - click(findTestObject("Used/zElement-Bluuu/button_ Facebook_Login")): Object: 'Object Repository/Used/zElement-Bluuu/button_ Facebook_Login' is clicked on

2021-02-24 13:29:41 - [MESSAGE][PASSED] - Object: 'Object Repository/Used/zElement-Bluuu/button_ Facebook_Login' is clicked on

2021-02-24 13:29:41 - [TEST_STEP][PASSED] - switchToWindowTitle("Facebook"): Switched to window with title: 'Facebook'

2021-02-24 13:29:42 - [MESSAGE][PASSED] - Switched to window with title: 'Facebook'

2021-02-24 13:29:42 - [TEST_STEP][PASSED] - setText(findTestObject("Used/Page-Facebook/input__email"), "qmkecjunto_1612852822@tfbnw.net"): Text 'qmkecjunto_1612852822@tfbnw.net' is set on object 'Object Repository/Used/Page-Facebook/input__email'

2021-02-24 13:29:43 - [MESSAGE][PASSED] - Text 'qmkecjunto_1612852822@tfbnw.net' is set on object 'Object Repository/Used/Page-Facebook/input__email'

2021-02-24 13:29:43 - [TEST_STEP][PASSED] - setEncryptedText(findTestObject("Used/Page-Facebook/input__pass"), "gOP7IdE590r7JITAEPMRJQ=="): Text ****** has been set on object 'Object Repository/Used/Page-Facebook/input__pass'

2021-02-24 13:29:44 - [MESSAGE][PASSED] - Text ****** has been set on object 'Object Repository/Used/Page-Facebook/input__pass'

2021-02-24 13:29:44 - [TEST_STEP][PASSED] - click(findTestObject("Used/Page-Facebook/label__loginbutton")): Object: 'Object Repository/Used/Page-Facebook/label__loginbutton' is clicked on

2021-02-24 13:29:44 - [MESSAGE][PASSED] - Object: 'Object Repository/Used/Page-Facebook/label__loginbutton' is clicked on

2021-02-24 13:29:44 - [TEST_STEP][PASSED] - delay(7): Delayed 7 second(s)

2021-02-24 13:29:51 - [MESSAGE][PASSED] - Delayed 7 second(s)

2021-02-24 13:29:51 - [TEST_STEP][PASSED] - switchToWindowTitle("Bluuu - จ้างแม่บ้าน ผู้เชี่ยวชาญเรื่องบ้านที่คุณไว้วางใจได้มากที่สุด"): Switched to window with title: 'Bluuu - จ้างแม่บ้าน ผู้เชี่ยวชาญเรื่องบ้านที่คุณไว้วางใจได้มากที่สุด'

2021-02-24 13:29:51 - [MESSAGE][PASSED] - Switched to window with title: 'Bluuu - จ้างแม่บ้าน ผู้เชี่ยวชาญเรื่องบ้านที่คุณไว้วางใจได้มากที่สุด'

2021-02-24 13:29:51 - [TEST_STEP][PASSED] - click(findTestObject("Used/zElement-Bluuu/a_OneTimeService")): Object: 'Object Repository/Used/zElement-Bluuu/a_OneTimeService' is clicked on

2021-02-24 13:29:52 - [MESSAGE][PASSED] - Object: 'Object Repository/Used/zElement-Bluuu/a_OneTimeService' is clicked on

2021-02-24 13:29:52 - [TEST_STEP][PASSED] - click(findTestObject("Used/zElement-Bluuu/svg_NextMonth")): Object: 'Object Repository/Used/zElement-Bluuu/svg_NextMonth' is clicked on

2021-02-24 13:29:53 - [MESSAGE][PASSED] - Object: 'Object Repository/Used/zElement-Bluuu/svg_NextMonth' is clicked on

2021-02-24 13:29:53 - [TEST_STEP][PASSED] - click(findTestObject("Used/zElement-Bluuu/span_M3D23")): Object: 'Object Repository/Used/zElement-Bluuu/span_M3D23' is clicked on

2021-02-24 13:29:55 - [MESSAGE][INFO] - Unable to find the element located by 'By.xpath: //fieldset[@id='__BVID__97']/div/div/div/div/div/div/div[2]/div[31]/div/div/span'. Please recheck the objects properties to make sure the desired element is located. 

2021-02-24 13:29:55 - [MESSAGE][WARNING] - [SELF-HEALING] Failed to find element with id 'Object Repository/Used/zElement-Bluuu/span_M3D23'. Try using Self-healing.

2021-02-24 13:29:55 - [MESSAGE][ERROR] - [SELF-HEALING] com.google.gson.stream.MalformedJsonException: Expected ':' at line 135 column 10 path $.brokenTestObjects[13].<<<<<<<

2021-02-24 13:29:55 - [MESSAGE][INFO] - [SELF-HEALING] Failed Locator: '//fieldset[@id='__BVID__97']/div/div/div/div/div/div/div[2]/div[31]/div/div/span'.

2021-02-24 13:29:56 - [MESSAGE][INFO] - [SELF-HEALING] Working Locator: '(.//*[normalize-space(text()) and normalize-space(.)='ส'])[1]/following::span[24]'.

2021-02-24 13:29:56 - [MESSAGE][INFO] - [SELF-HEALING] Screenshot: C:/Users/Katesopon/git/Katalon-GitTestRepo/Reports/Self-healing/Object Repository/Used/zElement-Bluuu/span_M3D23_neighbor.png

2021-02-24 13:29:56 - [MESSAGE][ERROR] - [SELF-HEALING] com.google.gson.stream.MalformedJsonException: Expected ':' at line 135 column 10 path $.brokenTestObjects[13].<<<<<<<

2021-02-24 13:29:56 - [MESSAGE][ERROR] - [SELF-HEALING] C:\Users\Katesopon\git\Katalon-GitTestRepo\Reports\Self-healing\broken-test-objects.json does not exist or is provided by Self-healing Plugin!

2021-02-24 13:29:56 - [MESSAGE][WARNING] - [SELF-HEALING] The current locator of test object 'Object Repository/Used/zElement-Bluuu/span_M3D23' was broken. Propose an alternative one: '(.//*[normalize-space(text()) and normalize-space(.)='ส'])[1]/following::span[24]'.

2021-02-24 13:29:56 - [MESSAGE][PASSED] - Object: 'Object Repository/Used/zElement-Bluuu/span_M3D23' is clicked on

2021-02-24 13:29:56 - [TEST_STEP][PASSED] - click(findTestObject("Used/zElement-Bluuu/div_StartTime")): Object: 'Object Repository/Used/zElement-Bluuu/div_StartTime' is clicked on

2021-02-24 13:29:58 - [MESSAGE][INFO] - Unable to find the element located by 'By.xpath: //fieldset[@id='__BVID__172']/div/div[2]/button/div[2]'. Please recheck the objects properties to make sure the desired element is located. 

2021-02-24 13:29:58 - [MESSAGE][WARNING] - [SELF-HEALING] Failed to find element with id 'Object Repository/Used/zElement-Bluuu/div_StartTime'. Try using Self-healing.

2021-02-24 13:29:58 - [MESSAGE][ERROR] - [SELF-HEALING] com.google.gson.stream.MalformedJsonException: Expected ':' at line 135 column 10 path $.brokenTestObjects[13].<<<<<<<

2021-02-24 13:29:59 - [MESSAGE][INFO] - [SELF-HEALING] Failed Locator: '//fieldset[@id='__BVID__172']/div/div[2]/button/div[2]'.

2021-02-24 13:29:59 - [MESSAGE][INFO] - [SELF-HEALING] Working Locator: '//button/div[2]'.

2021-02-24 13:29:59 - [MESSAGE][INFO] - [SELF-HEALING] Screenshot: C:/Users/Katesopon/git/Katalon-GitTestRepo/Reports/Self-healing/Object Repository/Used/zElement-Bluuu/div_StartTime_position.png

2021-02-24 13:29:59 - [MESSAGE][ERROR] - [SELF-HEALING] com.google.gson.stream.MalformedJsonException: Expected ':' at line 135 column 10 path $.brokenTestObjects[13].<<<<<<<

2021-02-24 13:29:59 - [MESSAGE][ERROR] - [SELF-HEALING] C:\Users\Katesopon\git\Katalon-GitTestRepo\Reports\Self-healing\broken-test-objects.json does not exist or is provided by Self-healing Plugin!

2021-02-24 13:29:59 - [MESSAGE][WARNING] - [SELF-HEALING] The current locator of test object 'Object Repository/Used/zElement-Bluuu/div_StartTime' was broken. Propose an alternative one: '//button/div[2]'.

2021-02-24 13:29:59 - [MESSAGE][PASSED] - Object: 'Object Repository/Used/zElement-Bluuu/div_StartTime' is clicked on

2021-02-24 13:29:59 - [TEST_STEP][PASSED] - click(findTestObject("Used/Page_Bluuu/li_0630")): Object: 'Object Repository/Used/Page_Bluuu/li_0630' is clicked on

2021-02-24 13:30:01 - [MESSAGE][INFO] - Unable to find the element located by 'By.xpath: //fieldset[@id='__BVID__172']/div/div[2]/div/ul/li[3]'. Please recheck the objects properties to make sure the desired element is located. 

2021-02-24 13:30:01 - [MESSAGE][WARNING] - [SELF-HEALING] Failed to find element with id 'Object Repository/Used/Page_Bluuu/li_0630'. Try using Self-healing.

2021-02-24 13:30:01 - [MESSAGE][ERROR] - [SELF-HEALING] com.google.gson.stream.MalformedJsonException: Expected ':' at line 135 column 10 path $.brokenTestObjects[13].<<<<<<<

2021-02-24 13:30:02 - [MESSAGE][INFO] - [SELF-HEALING] Failed Locator: '//fieldset[@id='__BVID__172']/div/div[2]/div/ul/li[3]'.

2021-02-24 13:30:02 - [MESSAGE][INFO] - [SELF-HEALING] Working Locator: '(.//*[normalize-space(text()) and normalize-space(.)=concat('No results matched ', '"', '', '"', '')])[1]/following::li[2]'.

2021-02-24 13:30:02 - [MESSAGE][INFO] - [SELF-HEALING] Screenshot: C:/Users/Katesopon/git/Katalon-GitTestRepo/Reports/Self-healing/Object Repository/Used/Page_Bluuu/li_0630_neighbor.png

2021-02-24 13:30:02 - [MESSAGE][ERROR] - [SELF-HEALING] com.google.gson.stream.MalformedJsonException: Expected ':' at line 135 column 10 path $.brokenTestObjects[13].<<<<<<<

2021-02-24 13:30:02 - [MESSAGE][ERROR] - [SELF-HEALING] C:\Users\Katesopon\git\Katalon-GitTestRepo\Reports\Self-healing\broken-test-objects.json does not exist or is provided by Self-healing Plugin!

2021-02-24 13:30:02 - [MESSAGE][WARNING] - [SELF-HEALING] The current locator of test object 'Object Repository/Used/Page_Bluuu/li_0630' was broken. Propose an alternative one: '(.//*[normalize-space(text()) and normalize-space(.)=concat('No results matched ', '"', '', '"', '')])[1]/following::li[2]'.

2021-02-24 13:30:03 - [MESSAGE][PASSED] - Object: 'Object Repository/Used/Page_Bluuu/li_0630' is clicked on

2021-02-24 13:30:03 - [TEST_STEP][PASSED] - click(findTestObject("Used/zElement-Bluuu/div_RoomType")): Object: 'Object Repository/Used/zElement-Bluuu/div_RoomType' is clicked on

2021-02-24 13:30:05 - [MESSAGE][INFO] - Unable to find the element located by 'By.xpath: //fieldset[@id='__BVID__244']/div/div/button/div[2]'. Please recheck the objects properties to make sure the desired element is located. 

2021-02-24 13:30:05 - [MESSAGE][WARNING] - [SELF-HEALING] Failed to find element with id 'Object Repository/Used/zElement-Bluuu/div_RoomType'. Try using Self-healing.

2021-02-24 13:30:05 - [MESSAGE][ERROR] - [SELF-HEALING] com.google.gson.stream.MalformedJsonException: Expected ':' at line 135 column 10 path $.brokenTestObjects[13].<<<<<<<

2021-02-24 13:30:05 - [MESSAGE][INFO] - [SELF-HEALING] Failed Locator: '//fieldset[@id='__BVID__244']/div/div/button/div[2]'.

2021-02-24 13:30:05 - [MESSAGE][INFO] - [SELF-HEALING] Working Locator: '//div[3]/div[2]/fieldset/div/div/button/div[2]'.

2021-02-24 13:30:06 - [MESSAGE][INFO] - [SELF-HEALING] Screenshot: C:/Users/Katesopon/git/Katalon-GitTestRepo/Reports/Self-healing/Object Repository/Used/zElement-Bluuu/div_RoomType_position.png

2021-02-24 13:30:06 - [MESSAGE][ERROR] - [SELF-HEALING] com.google.gson.stream.MalformedJsonException: Expected ':' at line 135 column 10 path $.brokenTestObjects[13].<<<<<<<

2021-02-24 13:30:06 - [MESSAGE][ERROR] - [SELF-HEALING] C:\Users\Katesopon\git\Katalon-GitTestRepo\Reports\Self-healing\broken-test-objects.json does not exist or is provided by Self-healing Plugin!

2021-02-24 13:30:06 - [MESSAGE][WARNING] - [SELF-HEALING] The current locator of test object 'Object Repository/Used/zElement-Bluuu/div_RoomType' was broken. Propose an alternative one: '//div[3]/div[2]/fieldset/div/div/button/div[2]'.

2021-02-24 13:30:06 - [MESSAGE][PASSED] - Object: 'Object Repository/Used/zElement-Bluuu/div_RoomType' is clicked on

2021-02-24 13:30:06 - [TEST_STEP][PASSED] - click(findTestObject("Used/zElement-Bluuu/li_Condo2Bedroom")): Object: 'Object Repository/Used/zElement-Bluuu/li_Condo2Bedroom' is clicked on

2021-02-24 13:30:08 - [MESSAGE][INFO] - Unable to find the element located by 'By.xpath: //fieldset[@id='__BVID__244']/div/div/div/ul/li[3]'. Please recheck the objects properties to make sure the desired element is located. 

2021-02-24 13:30:08 - [MESSAGE][WARNING] - [SELF-HEALING] Failed to find element with id 'Object Repository/Used/zElement-Bluuu/li_Condo2Bedroom'. Try using Self-healing.

2021-02-24 13:30:08 - [MESSAGE][ERROR] - [SELF-HEALING] com.google.gson.stream.MalformedJsonException: Expected ':' at line 135 column 10 path $.brokenTestObjects[13].<<<<<<<

2021-02-24 13:30:08 - [MESSAGE][INFO] - [SELF-HEALING] Failed Locator: '//fieldset[@id='__BVID__244']/div/div/div/ul/li[3]'.

2021-02-24 13:30:09 - [MESSAGE][INFO] - [SELF-HEALING] Working Locator: '(.//*[normalize-space(text()) and normalize-space(.)='คอนโด 1 ห้องนอน'])[1]/following::li[1]'.

2021-02-24 13:30:09 - [MESSAGE][INFO] - [SELF-HEALING] Screenshot: C:/Users/Katesopon/git/Katalon-GitTestRepo/Reports/Self-healing/Object Repository/Used/zElement-Bluuu/li_Condo2Bedroom_neighbor.png

2021-02-24 13:30:09 - [MESSAGE][ERROR] - [SELF-HEALING] com.google.gson.stream.MalformedJsonException: Expected ':' at line 135 column 10 path $.brokenTestObjects[13].<<<<<<<

2021-02-24 13:30:09 - [MESSAGE][ERROR] - [SELF-HEALING] C:\Users\Katesopon\git\Katalon-GitTestRepo\Reports\Self-healing\broken-test-objects.json does not exist or is provided by Self-healing Plugin!

2021-02-24 13:30:09 - [MESSAGE][WARNING] - [SELF-HEALING] The current locator of test object 'Object Repository/Used/zElement-Bluuu/li_Condo2Bedroom' was broken. Propose an alternative one: '(.//*[normalize-space(text()) and normalize-space(.)='คอนโด 1 ห้องนอน'])[1]/following::li[1]'.

2021-02-24 13:30:09 - [MESSAGE][PASSED] - Object: 'Object Repository/Used/zElement-Bluuu/li_Condo2Bedroom' is clicked on

2021-02-24 13:30:09 - [TEST_STEP][PASSED] - setText(findTestObject("Used/zElement-Bluuu/input_Location"), "paragon"): Text 'paragon' is set on object 'Object Repository/Used/zElement-Bluuu/input_Location'

2021-02-24 13:30:12 - [MESSAGE][INFO] - Unable to find the element located by 'By.xpath: //input[@id='__BVID__233']'. Please recheck the objects properties to make sure the desired element is located. 

2021-02-24 13:30:12 - [MESSAGE][WARNING] - [SELF-HEALING] Failed to find element with id 'Object Repository/Used/zElement-Bluuu/input_Location'. Try using Self-healing.

2021-02-24 13:30:12 - [MESSAGE][ERROR] - [SELF-HEALING] com.google.gson.stream.MalformedJsonException: Expected ':' at line 135 column 10 path $.brokenTestObjects[13].<<<<<<<

2021-02-24 13:30:12 - [MESSAGE][INFO] - [SELF-HEALING] Failed Locator: '//input[@id='__BVID__233']'.

2021-02-24 13:30:12 - [MESSAGE][INFO] - [SELF-HEALING] Failed Locator: '//fieldset[@id='__BVID__232']/div/div/div/input'.

2021-02-24 13:30:12 - [MESSAGE][INFO] - [SELF-HEALING] Working Locator: '//fieldset/div/div/div/input'.

2021-02-24 13:30:13 - [MESSAGE][INFO] - [SELF-HEALING] Screenshot: C:/Users/Katesopon/git/Katalon-GitTestRepo/Reports/Self-healing/Object Repository/Used/zElement-Bluuu/input_Location_position.png

2021-02-24 13:30:13 - [MESSAGE][ERROR] - [SELF-HEALING] com.google.gson.stream.MalformedJsonException: Expected ':' at line 135 column 10 path $.brokenTestObjects[13].<<<<<<<

2021-02-24 13:30:13 - [MESSAGE][ERROR] - [SELF-HEALING] C:\Users\Katesopon\git\Katalon-GitTestRepo\Reports\Self-healing\broken-test-objects.json does not exist or is provided by Self-healing Plugin!

2021-02-24 13:30:13 - [MESSAGE][WARNING] - [SELF-HEALING] The current locator of test object 'Object Repository/Used/zElement-Bluuu/input_Location' was broken. Propose an alternative one: '//fieldset/div/div/div/input'.

2021-02-24 13:30:15 - [MESSAGE][INFO] - Unable to find the element located by 'By.xpath: //input[@id='__BVID__233']'. Please recheck the objects properties to make sure the desired element is located. 

2021-02-24 13:30:15 - [MESSAGE][WARNING] - [SELF-HEALING] Failed to find element with id 'Object Repository/Used/zElement-Bluuu/input_Location'. Try using Self-healing.

2021-02-24 13:30:15 - [MESSAGE][ERROR] - [SELF-HEALING] com.google.gson.stream.MalformedJsonException: Expected ':' at line 135 column 10 path $.brokenTestObjects[13].<<<<<<<

2021-02-24 13:30:15 - [MESSAGE][INFO] - [SELF-HEALING] Failed Locator: '//input[@id='__BVID__233']'.

2021-02-24 13:30:15 - [MESSAGE][INFO] - [SELF-HEALING] Failed Locator: '//fieldset[@id='__BVID__232']/div/div/div/input'.

2021-02-24 13:30:15 - [MESSAGE][INFO] - [SELF-HEALING] Working Locator: '//fieldset/div/div/div/input'.

2021-02-24 13:30:16 - [MESSAGE][INFO] - [SELF-HEALING] Screenshot: C:/Users/Katesopon/git/Katalon-GitTestRepo/Reports/Self-healing/Object Repository/Used/zElement-Bluuu/input_Location_position.png

2021-02-24 13:30:16 - [MESSAGE][ERROR] - [SELF-HEALING] com.google.gson.stream.MalformedJsonException: Expected ':' at line 135 column 10 path $.brokenTestObjects[13].<<<<<<<

2021-02-24 13:30:16 - [MESSAGE][ERROR] - [SELF-HEALING] C:\Users\Katesopon\git\Katalon-GitTestRepo\Reports\Self-healing\broken-test-objects.json does not exist or is provided by Self-healing Plugin!

2021-02-24 13:30:16 - [MESSAGE][WARNING] - [SELF-HEALING] The current locator of test object 'Object Repository/Used/zElement-Bluuu/input_Location' was broken. Propose an alternative one: '//fieldset/div/div/div/input'.

2021-02-24 13:30:16 - [MESSAGE][PASSED] - Text 'paragon' is set on object 'Object Repository/Used/zElement-Bluuu/input_Location'

2021-02-24 13:30:16 - [TEST_STEP][PASSED] - click(findTestObject("Used/zElement-Bluuu/div_Paragon Cineplex")): Object: 'Object Repository/Used/zElement-Bluuu/div_Paragon Cineplex' is clicked on

2021-02-24 13:30:18 - [MESSAGE][INFO] - Unable to find the element located by 'By.xpath: //fieldset[@id='__BVID__232']/div/div[2]/div/div/div'. Please recheck the objects properties to make sure the desired element is located. 

2021-02-24 13:30:18 - [MESSAGE][WARNING] - [SELF-HEALING] Failed to find element with id 'Object Repository/Used/zElement-Bluuu/div_Paragon Cineplex'. Try using Self-healing.

2021-02-24 13:30:18 - [MESSAGE][ERROR] - [SELF-HEALING] com.google.gson.stream.MalformedJsonException: Expected ':' at line 135 column 10 path $.brokenTestObjects[13].<<<<<<<

2021-02-24 13:30:18 - [MESSAGE][INFO] - [SELF-HEALING] Failed Locator: '//fieldset[@id='__BVID__232']/div/div[2]/div/div/div'.

2021-02-24 13:30:19 - [MESSAGE][INFO] - [SELF-HEALING] Working Locator: '(.//*[normalize-space(text()) and normalize-space(.)='ระบุสถานที่ทำงาน'])[1]/following::div[9]'.

2021-02-24 13:30:19 - [MESSAGE][INFO] - [SELF-HEALING] Screenshot: C:/Users/Katesopon/git/Katalon-GitTestRepo/Reports/Self-healing/Object Repository/Used/zElement-Bluuu/div_Paragon Cineplex_neighbor.png

2021-02-24 13:30:19 - [MESSAGE][ERROR] - [SELF-HEALING] com.google.gson.stream.MalformedJsonException: Expected ':' at line 135 column 10 path $.brokenTestObjects[13].<<<<<<<

2021-02-24 13:30:19 - [MESSAGE][ERROR] - [SELF-HEALING] C:\Users\Katesopon\git\Katalon-GitTestRepo\Reports\Self-healing\broken-test-objects.json does not exist or is provided by Self-healing Plugin!

2021-02-24 13:30:19 - [MESSAGE][WARNING] - [SELF-HEALING] The current locator of test object 'Object Repository/Used/zElement-Bluuu/div_Paragon Cineplex' was broken. Propose an alternative one: '(.//*[normalize-space(text()) and normalize-space(.)='ระบุสถานที่ทำงาน'])[1]/following::div[9]'.

2021-02-24 13:30:19 - [MESSAGE][PASSED] - Object: 'Object Repository/Used/zElement-Bluuu/div_Paragon Cineplex' is clicked on

2021-02-24 13:30:19 - [TEST_STEP][PASSED] - click(findTestObject("Used/zElement-Bluuu/div_Duration")): Object: 'Object Repository/Used/zElement-Bluuu/div_Duration' is clicked on

2021-02-24 13:30:20 - [MESSAGE][PASSED] - Object: 'Object Repository/Used/zElement-Bluuu/div_Duration' is clicked on

2021-02-24 13:30:20 - [TEST_STEP][PASSED] - delay(1): Delayed 1 second(s)

2021-02-24 13:30:21 - [MESSAGE][PASSED] - Delayed 1 second(s)

2021-02-24 13:30:21 - [TEST_STEP][FAILED] - click(findTestObject("Used/Page_Bluuu/li_3 hours")): Unable to click on object 'Object Repository/Used/Page_Bluuu/li_3 hours' (Root cause: com.kms.katalon.core.exception.StepFailedException: Unable to click on object 'Object Repository/Used/Page_Bluuu/li_3 hours'
	at com.kms.katalon.core.webui.keyword.internal.WebUIKeywordMain.stepFailed(WebUIKeywordMain.groovy:64)
	at com.kms.katalon.core.webui.keyword.internal.WebUIKeywordMain.runKeyword(WebUIKeywordMain.groovy:26)
	at com.kms.katalon.core.webui.keyword.builtin.ClickKeyword.click(ClickKeyword.groovy:75)
	at com.kms.katalon.core.webui.keyword.builtin.ClickKeyword.execute(ClickKeyword.groovy:42)
	at com.kms.katalon.core.keyword.internal.KeywordExecutor.executeKeywordForPlatform(KeywordExecutor.groovy:73)
	at com.kms.katalon.core.webui.keyword.WebUiBuiltInKeywords.click(WebUiBuiltInKeywords.groovy:619)
	at com.kms.katalon.core.webui.keyword.WebUiBuiltInKeywords$click$2.call(Unknown Source)
	at 10_OTA with Promotion (login before).run(10_OTA with Promotion (login before):72)
	at com.kms.katalon.core.main.ScriptEngine.run(ScriptEngine.java:194)
	at com.kms.katalon.core.main.ScriptEngine.runScriptAsRawText(ScriptEngine.java:119)
	at com.kms.katalon.core.main.TestCaseExecutor.runScript(TestCaseExecutor.java:398)
	at com.kms.katalon.core.main.TestCaseExecutor.doExecute(TestCaseExecutor.java:389)
	at com.kms.katalon.core.main.TestCaseExecutor.processExecutionPhase(TestCaseExecutor.java:368)
	at com.kms.katalon.core.main.TestCaseExecutor.accessMainPhase(TestCaseExecutor.java:360)
	at com.kms.katalon.core.main.TestCaseExecutor.execute(TestCaseExecutor.java:255)
	at com.kms.katalon.core.main.TestSuiteExecutor.accessTestCaseMainPhase(TestSuiteExecutor.java:203)
	at com.kms.katalon.core.main.TestSuiteExecutor.accessTestSuiteMainPhase(TestSuiteExecutor.java:152)
	at com.kms.katalon.core.main.TestSuiteExecutor.execute(TestSuiteExecutor.java:95)
	at com.kms.katalon.core.main.TestCaseMain.startTestSuite(TestCaseMain.java:157)
	at com.kms.katalon.core.main.TestCaseMain$startTestSuite$0.call(Unknown Source)
	at TempTestSuite1614148137054.run(TempTestSuite1614148137054.groovy:39)
Caused by: com.kms.katalon.core.webui.exception.WebElementNotFoundException: Web element with id: 'Object Repository/Used/Page_Bluuu/li_3 hours' located by '//fieldset[@id='__BVID__218']/div/div/div/ul/li[3]' not found
	at com.kms.katalon.core.webui.common.WebUiCommonHelper.findWebElement(WebUiCommonHelper.java:1368)
	at com.kms.katalon.core.webui.keyword.internal.WebUIAbstractKeyword.findWebElement(WebUIAbstractKeyword.groovy:27)
	at com.kms.katalon.core.webui.keyword.internal.WebUIAbstractKeyword.findWebElement(WebUIAbstractKeyword.groovy:26)
	at com.kms.katalon.core.webui.keyword.builtin.ClickKeyword$_click_closure1.doCall(ClickKeyword.groovy:66)
	at com.kms.katalon.core.webui.keyword.builtin.ClickKeyword$_click_closure1.call(ClickKeyword.groovy)
	at com.kms.katalon.core.webui.keyword.internal.WebUIKeywordMain.runKeyword(WebUIKeywordMain.groovy:20)
	at com.kms.katalon.core.webui.keyword.builtin.ClickKeyword.click(ClickKeyword.groovy:75)
	at com.kms.katalon.core.webui.keyword.builtin.ClickKeyword.execute(ClickKeyword.groovy:42)
	at com.kms.katalon.core.keyword.internal.KeywordExecutor.executeKeywordForPlatform(KeywordExecutor.groovy:73)
	at com.kms.katalon.core.webui.keyword.WebUiBuiltInKeywords.click(WebUiBuiltInKeywords.groovy:619)
	at com.kms.katalon.core.webui.keyword.WebUiBuiltInKeywords$click$2.call(Unknown Source)
	at Script1614015974930.run(Script1614015974930.groovy:72)
	... 13 more
)

2021-02-24 13:30:23 - [MESSAGE][INFO] - Unable to find the element located by 'By.xpath: //fieldset[@id='__BVID__218']/div/div/div/ul/li[3]'. Please recheck the objects properties to make sure the desired element is located. 

2021-02-24 13:30:23 - [MESSAGE][WARNING] - [SELF-HEALING] Failed to find element with id 'Object Repository/Used/Page_Bluuu/li_3 hours'. Try using Self-healing.

2021-02-24 13:30:23 - [MESSAGE][ERROR] - [SELF-HEALING] com.google.gson.stream.MalformedJsonException: Expected ':' at line 135 column 10 path $.brokenTestObjects[13].<<<<<<<

2021-02-24 13:30:23 - [MESSAGE][INFO] - [SELF-HEALING] Failed Locator: '//fieldset[@id='__BVID__218']/div/div/div/ul/li[3]'.

2021-02-24 13:30:23 - [MESSAGE][INFO] - [SELF-HEALING] Working Locator: '(.//*[normalize-space(text()) and normalize-space(.)=concat('No results matched ', '"', '', '"', '')])[3]/following::li[2]'.

2021-02-24 13:30:23 - [MESSAGE][ERROR] - [SELF-HEALING] Cannot save screenshot to: C:\Users\Katesopon\git\Katalon-GitTestRepo\Reports\Self-healing, reason: unknown error: unhandled inspector error: {"code":-32000,"message":"Cannot take screenshot with 0 width."}
  (Session info: chrome=88.0.4324.182)
Build info: version: '3.141.59', revision: 'e82be7d358', time: '2018-11-14T08:25:53'
System info: host: 'LAPTOP-PAE3MHPM', ip: '192.168.1.139', os.name: 'Windows 10', os.arch: 'amd64', os.version: '10.0', java.version: '1.8.0_181'
Driver info: com.kms.katalon.selenium.driver.CChromeDriver
Capabilities {acceptInsecureCerts: false, browserName: chrome, browserVersion: 88.0.4324.182, chrome: {chromedriverVersion: 88.0.4324.96 (68dba2d8a0b14..., userDataDir: C:\Users\KATESO~1\AppData\L...}, goog:chromeOptions: {debuggerAddress: localhost:64972}, javascriptEnabled: true, networkConnectionEnabled: false, pageLoadStrategy: normal, platform: WINDOWS, platformName: WINDOWS, proxy: Proxy(), setWindowRect: true, strictFileInteractability: false, timeouts: {implicit: 0, pageLoad: 300000, script: 30000}, unhandledPromptBehavior: dismiss and notify, webauthn:extension:largeBlob: true, webauthn:virtualAuthenticators: true}
Session ID: b2fce827054384401afecf66d99357b4.

2021-02-24 13:30:23 - [MESSAGE][ERROR] - [SELF-HEALING] Cannot save screenshot to: C:\Users\Katesopon\git\Katalon-GitTestRepo\Reports\Self-healing, reason: unknown error: unhandled inspector error: {"code":-32000,"message":"Cannot take screenshot with 0 width."}
  (Session info: chrome=88.0.4324.182)
Build info: version: '3.141.59', revision: 'e82be7d358', time: '2018-11-14T08:25:53'
System info: host: 'LAPTOP-PAE3MHPM', ip: '192.168.1.139', os.name: 'Windows 10', os.arch: 'amd64', os.version: '10.0', java.version: '1.8.0_181'
Driver info: com.kms.katalon.selenium.driver.CChromeDriver
Capabilities {acceptInsecureCerts: false, browserName: chrome, browserVersion: 88.0.4324.182, chrome: {chromedriverVersion: 88.0.4324.96 (68dba2d8a0b14..., userDataDir: C:\Users\KATESO~1\AppData\L...}, goog:chromeOptions: {debuggerAddress: localhost:64972}, javascriptEnabled: true, networkConnectionEnabled: false, pageLoadStrategy: normal, platform: WINDOWS, platformName: WINDOWS, proxy: Proxy(), setWindowRect: true, strictFileInteractability: false, timeouts: {implicit: 0, pageLoad: 300000, script: 30000}, unhandledPromptBehavior: dismiss and notify, webauthn:extension:largeBlob: true, webauthn:virtualAuthenticators: true}
Session ID: b2fce827054384401afecf66d99357b4.

2021-02-24 13:30:23 - [MESSAGE][WARNING] - [SELF-HEALING] 'other' is different type of Path

2021-02-24 13:30:24 - [MESSAGE][ERROR] - [SELF-HEALING] Cannot save screenshot to: C:\Users\Katesopon\git\Katalon-GitTestRepo\Reports\Self-healing, reason: unknown error: unhandled inspector error: {"code":-32000,"message":"Cannot take screenshot with 0 width."}
  (Session info: chrome=88.0.4324.182)
Build info: version: '3.141.59', revision: 'e82be7d358', time: '2018-11-14T08:25:53'
System info: host: 'LAPTOP-PAE3MHPM', ip: '192.168.1.139', os.name: 'Windows 10', os.arch: 'amd64', os.version: '10.0', java.version: '1.8.0_181'
Driver info: com.kms.katalon.selenium.driver.CChromeDriver
Capabilities {acceptInsecureCerts: false, browserName: chrome, browserVersion: 88.0.4324.182, chrome: {chromedriverVersion: 88.0.4324.96 (68dba2d8a0b14..., userDataDir: C:\Users\KATESO~1\AppData\L...}, goog:chromeOptions: {debuggerAddress: localhost:64972}, javascriptEnabled: true, networkConnectionEnabled: false, pageLoadStrategy: normal, platform: WINDOWS, platformName: WINDOWS, proxy: Proxy(), setWindowRect: true, strictFileInteractability: false, timeouts: {implicit: 0, pageLoad: 300000, script: 30000}, unhandledPromptBehavior: dismiss and notify, webauthn:extension:largeBlob: true, webauthn:virtualAuthenticators: true}
Session ID: b2fce827054384401afecf66d99357b4.

2021-02-24 13:30:24 - [MESSAGE][WARNING] - [SELF-HEALING] 'other' is different type of Path

2021-02-24 13:30:25 - [MESSAGE][INFO] - Unable to find the element located by 'By.cssSelector: '. Please recheck the objects properties to make sure the desired element is located. 

2021-02-24 13:30:25 - [MESSAGE][FAILED] - Unable to click on object 'Object Repository/Used/Page_Bluuu/li_3 hours' (Root cause: com.kms.katalon.core.exception.StepFailedException: Unable to click on object 'Object Repository/Used/Page_Bluuu/li_3 hours'
	at com.kms.katalon.core.webui.keyword.internal.WebUIKeywordMain.stepFailed(WebUIKeywordMain.groovy:64)
	at com.kms.katalon.core.webui.keyword.internal.WebUIKeywordMain.runKeyword(WebUIKeywordMain.groovy:26)
	at com.kms.katalon.core.webui.keyword.builtin.ClickKeyword.click(ClickKeyword.groovy:75)
	at com.kms.katalon.core.webui.keyword.builtin.ClickKeyword.execute(ClickKeyword.groovy:42)
	at com.kms.katalon.core.keyword.internal.KeywordExecutor.executeKeywordForPlatform(KeywordExecutor.groovy:73)
	at com.kms.katalon.core.webui.keyword.WebUiBuiltInKeywords.click(WebUiBuiltInKeywords.groovy:619)
	at com.kms.katalon.core.webui.keyword.WebUiBuiltInKeywords$click$2.call(Unknown Source)
	at 10_OTA with Promotion (login before).run(10_OTA with Promotion (login before):72)
	at com.kms.katalon.core.main.ScriptEngine.run(ScriptEngine.java:194)
	at com.kms.katalon.core.main.ScriptEngine.runScriptAsRawText(ScriptEngine.java:119)
	at com.kms.katalon.core.main.TestCaseExecutor.runScript(TestCaseExecutor.java:398)
	at com.kms.katalon.core.main.TestCaseExecutor.doExecute(TestCaseExecutor.java:389)
	at com.kms.katalon.core.main.TestCaseExecutor.processExecutionPhase(TestCaseExecutor.java:368)
	at com.kms.katalon.core.main.TestCaseExecutor.accessMainPhase(TestCaseExecutor.java:360)
	at com.kms.katalon.core.main.TestCaseExecutor.execute(TestCaseExecutor.java:255)
	at com.kms.katalon.core.main.TestSuiteExecutor.accessTestCaseMainPhase(TestSuiteExecutor.java:203)
	at com.kms.katalon.core.main.TestSuiteExecutor.accessTestSuiteMainPhase(TestSuiteExecutor.java:152)
	at com.kms.katalon.core.main.TestSuiteExecutor.execute(TestSuiteExecutor.java:95)
	at com.kms.katalon.core.main.TestCaseMain.startTestSuite(TestCaseMain.java:157)
	at com.kms.katalon.core.main.TestCaseMain$startTestSuite$0.call(Unknown Source)
	at TempTestSuite1614148137054.run(TempTestSuite1614148137054.groovy:39)
Caused by: com.kms.katalon.core.webui.exception.WebElementNotFoundException: Web element with id: 'Object Repository/Used/Page_Bluuu/li_3 hours' located by '//fieldset[@id='__BVID__218']/div/div/div/ul/li[3]' not found
	at com.kms.katalon.core.webui.common.WebUiCommonHelper.findWebElement(WebUiCommonHelper.java:1368)
	at com.kms.katalon.core.webui.keyword.internal.WebUIAbstractKeyword.findWebElement(WebUIAbstractKeyword.groovy:27)
	at com.kms.katalon.core.webui.keyword.internal.WebUIAbstractKeyword.findWebElement(WebUIAbstractKeyword.groovy:26)
	at com.kms.katalon.core.webui.keyword.builtin.ClickKeyword$_click_closure1.doCall(ClickKeyword.groovy:66)
	at com.kms.katalon.core.webui.keyword.builtin.ClickKeyword$_click_closure1.call(ClickKeyword.groovy)
	at com.kms.katalon.core.webui.keyword.internal.WebUIKeywordMain.runKeyword(WebUIKeywordMain.groovy:20)
	at com.kms.katalon.core.webui.keyword.builtin.ClickKeyword.click(ClickKeyword.groovy:75)
	at com.kms.katalon.core.webui.keyword.builtin.ClickKeyword.execute(ClickKeyword.groovy:42)
	at com.kms.katalon.core.keyword.internal.KeywordExecutor.executeKeywordForPlatform(KeywordExecutor.groovy:73)
	at com.kms.katalon.core.webui.keyword.WebUiBuiltInKeywords.click(WebUiBuiltInKeywords.groovy:619)
	at com.kms.katalon.core.webui.keyword.WebUiBuiltInKeywords$click$2.call(Unknown Source)
	at Script1614015974930.run(Script1614015974930.groovy:72)
	... 13 more
)
[[ATTACHMENT|C:\\Users\\Katesopon\\git\\Katalon-GitTestRepo\\Reports\\20210224_132856\\OTA\\20210224_132857\\1614148225333.png]]]]></system-out>
         <system-err><![CDATA[2021-02-24 13:29:34 - [TEST_CASE][FAILED] - Test Cases/Login before use a service/10_OTA with Promotion (login before): Test Cases/Login before use a service/10_OTA with Promotion (login before) FAILED.
Reason:
com.kms.katalon.core.exception.StepFailedException: Unable to click on object 'Object Repository/Used/Page_Bluuu/li_3 hours'
	at com.kms.katalon.core.webui.keyword.internal.WebUIKeywordMain.stepFailed(WebUIKeywordMain.groovy:64)
	at com.kms.katalon.core.webui.keyword.internal.WebUIKeywordMain.runKeyword(WebUIKeywordMain.groovy:26)
	at com.kms.katalon.core.webui.keyword.builtin.ClickKeyword.click(ClickKeyword.groovy:75)
	at com.kms.katalon.core.webui.keyword.builtin.ClickKeyword.execute(ClickKeyword.groovy:42)
	at com.kms.katalon.core.keyword.internal.KeywordExecutor.executeKeywordForPlatform(KeywordExecutor.groovy:73)
	at com.kms.katalon.core.webui.keyword.WebUiBuiltInKeywords.click(WebUiBuiltInKeywords.groovy:619)
	at com.kms.katalon.core.webui.keyword.WebUiBuiltInKeywords$click$2.call(Unknown Source)
	at 10_OTA with Promotion (login before).run(10_OTA with Promotion (login before):72)
	at com.kms.katalon.core.main.ScriptEngine.run(ScriptEngine.java:194)
	at com.kms.katalon.core.main.ScriptEngine.runScriptAsRawText(ScriptEngine.java:119)
	at com.kms.katalon.core.main.TestCaseExecutor.runScript(TestCaseExecutor.java:398)
	at com.kms.katalon.core.main.TestCaseExecutor.doExecute(TestCaseExecutor.java:389)
	at com.kms.katalon.core.main.TestCaseExecutor.processExecutionPhase(TestCaseExecutor.java:368)
	at com.kms.katalon.core.main.TestCaseExecutor.accessMainPhase(TestCaseExecutor.java:360)
	at com.kms.katalon.core.main.TestCaseExecutor.execute(TestCaseExecutor.java:255)
	at com.kms.katalon.core.main.TestSuiteExecutor.accessTestCaseMainPhase(TestSuiteExecutor.java:203)
	at com.kms.katalon.core.main.TestSuiteExecutor.accessTestSuiteMainPhase(TestSuiteExecutor.java:152)
	at com.kms.katalon.core.main.TestSuiteExecutor.execute(TestSuiteExecutor.java:95)
	at com.kms.katalon.core.main.TestCaseMain.startTestSuite(TestCaseMain.java:157)
	at com.kms.katalon.core.main.TestCaseMain$startTestSuite$0.call(Unknown Source)
	at TempTestSuite1614148137054.run(TempTestSuite1614148137054.groovy:39)
Caused by: com.kms.katalon.core.webui.exception.WebElementNotFoundException: Web element with id: 'Object Repository/Used/Page_Bluuu/li_3 hours' located by '//fieldset[@id='__BVID__218']/div/div/div/ul/li[3]' not found
	at com.kms.katalon.core.webui.common.WebUiCommonHelper.findWebElement(WebUiCommonHelper.java:1368)
	at com.kms.katalon.core.webui.keyword.internal.WebUIAbstractKeyword.findWebElement(WebUIAbstractKeyword.groovy:27)
	at com.kms.katalon.core.webui.keyword.internal.WebUIAbstractKeyword.findWebElement(WebUIAbstractKeyword.groovy:26)
	at com.kms.katalon.core.webui.keyword.builtin.ClickKeyword$_click_closure1.doCall(ClickKeyword.groovy:66)
	at com.kms.katalon.core.webui.keyword.builtin.ClickKeyword$_click_closure1.call(ClickKeyword.groovy)
	at com.kms.katalon.core.webui.keyword.internal.WebUIKeywordMain.runKeyword(WebUIKeywordMain.groovy:20)
	... 19 more]]></system-err>
      </testcase>
      <testcase name="Test Cases/Make a service in charge tab (We login after serviced confirming)/15_OTA with Promotion (login before)" time="58.07" classname="Test Cases/Make a service in charge tab (We login after serviced confirming)/15_OTA with Promotion (login before)" status="FAILED">
         <failure type="FAILED" message="Test Cases/Make a service in charge tab (We login after serviced confirming)/15_OTA with Promotion (login before) FAILED.
Reason:
com.kms.katalon.core.exception.StepFailedException: Unable to set text 'WELCOME30' of object 'Object Repository/By Case/15/Page_Bluuu/input____BVID__444'
	at com.kms.katalon.core.webui.keyword.internal.WebUIKeywordMain.stepFailed(WebUIKeywordMain.groovy:64)
	at com.kms.katalon.core.webui.keyword.internal.WebUIKeywordMain.runKeyword(WebUIKeywordMain.groovy:26)
	at com.kms.katalon.core.webui.keyword.builtin.SetTextKeyword.setText(SetTextKeyword.groovy:66)
	at com.kms.katalon.core.webui.keyword.builtin.SetTextKeyword.execute(SetTextKeyword.groovy:37)
	at com.kms.katalon.core.keyword.internal.KeywordExecutor.executeKeywordForPlatform(KeywordExecutor.groovy:73)
	at com.kms.katalon.core.webui.keyword.WebUiBuiltInKeywords.setText(WebUiBuiltInKeywords.groovy:979)
	at com.kms.katalon.core.webui.keyword.WebUiBuiltInKeywords$setText$4.call(Unknown Source)
	at 15_OTA with Promotion (login before).run(15_OTA with Promotion (login before):80)
	at com.kms.katalon.core.main.ScriptEngine.run(ScriptEngine.java:194)
	at com.kms.katalon.core.main.ScriptEngine.runScriptAsRawText(ScriptEngine.java:119)
	at com.kms.katalon.core.main.TestCaseExecutor.runScript(TestCaseExecutor.java:398)
	at com.kms.katalon.core.main.TestCaseExecutor.doExecute(TestCaseExecutor.java:389)
	at com.kms.katalon.core.main.TestCaseExecutor.processExecutionPhase(TestCaseExecutor.java:368)
	at com.kms.katalon.core.main.TestCaseExecutor.accessMainPhase(TestCaseExecutor.java:360)
	at com.kms.katalon.core.main.TestCaseExecutor.execute(TestCaseExecutor.java:255)
	at com.kms.katalon.core.main.TestSuiteExecutor.accessTestCaseMainPhase(TestSuiteExecutor.java:203)
	at com.kms.katalon.core.main.TestSuiteExecutor.accessTestSuiteMainPhase(TestSuiteExecutor.java:152)
	at com.kms.katalon.core.main.TestSuiteExecutor.execute(TestSuiteExecutor.java:95)
	at com.kms.katalon.core.main.TestCaseMain.startTestSuite(TestCaseMain.java:157)
	at com.kms.katalon.core.main.TestCaseMain$startTestSuite$0.call(Unknown Source)
	at TempTestSuite1614148137054.run(TempTestSuite1614148137054.groovy:39)
Caused by: org.openqa.selenium.InvalidElementStateException: invalid element state: Element is not currently interactable and may not be manipulated
  (Session info: chrome=88.0.4324.182)
Build info: version: '3.141.59', revision: 'e82be7d358', time: '2018-11-14T08:25:53'
System info: host: 'LAPTOP-PAE3MHPM', ip: '192.168.1.139', os.name: 'Windows 10', os.arch: 'amd64', os.version: '10.0', java.version: '1.8.0_181'
Driver info: com.kms.katalon.selenium.driver.CChromeDriver
Capabilities {acceptInsecureCerts: false, browserName: chrome, browserVersion: 88.0.4324.182, chrome: {chromedriverVersion: 88.0.4324.96 (68dba2d8a0b14..., userDataDir: C:\Users\KATESO~1\AppData\L...}, goog:chromeOptions: {debuggerAddress: localhost:65091}, javascriptEnabled: true, networkConnectionEnabled: false, pageLoadStrategy: normal, platform: WINDOWS, platformName: WINDOWS, proxy: Proxy(), setWindowRect: true, strictFileInteractability: false, timeouts: {implicit: 0, pageLoad: 300000, script: 30000}, unhandledPromptBehavior: dismiss and notify, webauthn:extension:largeBlob: true, webauthn:virtualAuthenticators: true}
Session ID: 42a1cf015efdb18ac275adaa33f19ad8
	at org.openqa.selenium.remote.http.W3CHttpResponseCodec.createException(W3CHttpResponseCodec.java:187)
	at org.openqa.selenium.remote.http.W3CHttpResponseCodec.decode(W3CHttpResponseCodec.java:122)
	at org.openqa.selenium.remote.http.W3CHttpResponseCodec.decode(W3CHttpResponseCodec.java:49)
	at org.openqa.selenium.remote.HttpCommandExecutor.execute(HttpCommandExecutor.java:158)
	at org.openqa.selenium.remote.service.DriverCommandExecutor.execute(DriverCommandExecutor.java:83)
	at org.openqa.selenium.remote.RemoteWebDriver.execute(RemoteWebDriver.java:552)
	at com.kms.katalon.selenium.driver.CChromeDriver.execute(CChromeDriver.java:19)
	at org.openqa.selenium.remote.RemoteWebElement.execute(RemoteWebElement.java:285)
	at org.openqa.selenium.remote.RemoteWebElement.clear(RemoteWebElement.java:124)
	at org.openqa.selenium.support.events.EventFiringWebDriver$EventFiringWebElement.lambda$new$0(EventFiringWebDriver.java:404)
	at com.sun.proxy.$Proxy11.clear(Unknown Source)
	at org.openqa.selenium.support.events.EventFiringWebDriver$EventFiringWebElement.clear(EventFiringWebDriver.java:436)
	at com.kms.katalon.core.webui.keyword.builtin.SetTextKeyword$_setText_closure1.doCall(SetTextKeyword.groovy:53)
	at com.kms.katalon.core.webui.keyword.builtin.SetTextKeyword$_setText_closure1.call(SetTextKeyword.groovy)
	at com.kms.katalon.core.webui.keyword.internal.WebUIKeywordMain.runKeyword(WebUIKeywordMain.groovy:20)
	... 19 more
"/>
         <system-out><![CDATA[2021-02-24 13:30:25 - [TEST_CASE][FAILED] - Test Cases/Make a service in charge tab (We login after serviced confirming)/15_OTA with Promotion (login before): Test Cases/Make a service in charge tab (We login after serviced confirming)/15_OTA with Promotion (login before) FAILED.
Reason:
com.kms.katalon.core.exception.StepFailedException: Unable to set text 'WELCOME30' of object 'Object Repository/By Case/15/Page_Bluuu/input____BVID__444'
	at com.kms.katalon.core.webui.keyword.internal.WebUIKeywordMain.stepFailed(WebUIKeywordMain.groovy:64)
	at com.kms.katalon.core.webui.keyword.internal.WebUIKeywordMain.runKeyword(WebUIKeywordMain.groovy:26)
[...]

2021-02-24 13:32:49 - [MESSAGE][ERROR] - [SELF-HEALING] C:\Users\Katesopon\git\Katalon-GitTestRepo\Reports\Self-healing\broken-test-objects.json does not exist or is provided by Self-healing Plugin!

2021-02-24 13:32:49 - [MESSAGE][WARNING] - [SELF-HEALING] The current locator of test object 'Object Repository/Used/Package-and-Date/div_Repeated-Day' was broken. Propose an alternative one: '//div[2]/div/div[4]/div/fieldset/div/div/button/div[2]'.

2021-02-24 13:32:49 - [MESSAGE][PASSED] - Object: 'Object Repository/Used/Package-and-Date/div_Repeated-Day' is clicked on

2021-02-24 13:32:49 - [TEST_STEP][PASSED] - click(findTestObject("Used/Package-and-Date/li_Tuesday")): Object: 'Object Repository/Used/Package-and-Date/li_Tuesday' is clicked on

2021-02-24 13:32:51 - [MESSAGE][INFO] - Unable to find the element located by 'By.xpath: //fieldset[@id='__BVID__493']/div/div/div/ul/li[4]'. Please recheck the objects properties to make sure the desired element is located. 

2021-02-24 13:32:51 - [MESSAGE][WARNING] - [SELF-HEALING] Failed to find element with id 'Object Repository/Used/Package-and-Date/li_Tuesday'. Try using Self-healing.

2021-02-24 13:32:51 - [MESSAGE][ERROR] - [SELF-HEALING] com.google.gson.stream.MalformedJsonException: Expected ':' at line 135 column 10 path $.brokenTestObjects[13].<<<<<<<

2021-02-24 13:32:51 - [MESSAGE][INFO] - [SELF-HEALING] Failed Locator: '//fieldset[@id='__BVID__493']/div/div/div/ul/li[4]'.

2021-02-24 13:32:52 - [MESSAGE][INFO] - [SELF-HEALING] Working Locator: '(.//*[normalize-space(text()) and normalize-space(.)='จันทร์'])[1]/following::li[1]'.

2021-02-24 13:32:52 - [MESSAGE][INFO] - [SELF-HEALING] Screenshot: C:/Users/Katesopon/git/Katalon-GitTestRepo/Reports/Self-healing/Object Repository/Used/Package-and-Date/li_Tuesday_neighbor.png

2021-02-24 13:32:52 - [MESSAGE][ERROR] - [SELF-HEALING] com.google.gson.stream.MalformedJsonException: Expected ':' at line 135 column 10 path $.brokenTestObjects[13].<<<<<<<

2021-02-24 13:32:52 - [MESSAGE][ERROR] - [SELF-HEALING] C:\Users\Katesopon\git\Katalon-GitTestRepo\Reports\Self-healing\broken-test-objects.json does not exist or is provided by Self-healing Plugin!

2021-02-24 13:32:52 - [MESSAGE][WARNING] - [SELF-HEALING] The current locator of test object 'Object Repository/Used/Package-and-Date/li_Tuesday' was broken. Propose an alternative one: '(.//*[normalize-space(text()) and normalize-space(.)='จันทร์'])[1]/following::li[1]'.

2021-02-24 13:32:52 - [MESSAGE][PASSED] - Object: 'Object Repository/Used/Package-and-Date/li_Tuesday' is clicked on

2021-02-24 13:32:52 - [TEST_STEP][PASSED] - click(findTestObject("Used/Package-and-Date/div_Each-Time")): Object: 'Object Repository/Used/Package-and-Date/div_Each-Time' is clicked on

2021-02-24 13:32:54 - [MESSAGE][INFO] - Unable to find the element located by 'By.xpath: //fieldset[@id='__BVID__495']/div/div/button/div[2]'. Please recheck the objects properties to make sure the desired element is located. 

2021-02-24 13:32:54 - [MESSAGE][WARNING] - [SELF-HEALING] Failed to find element with id 'Object Repository/Used/Package-and-Date/div_Each-Time'. Try using Self-healing.

2021-02-24 13:32:54 - [MESSAGE][ERROR] - [SELF-HEALING] com.google.gson.stream.MalformedJsonException: Expected ':' at line 135 column 10 path $.brokenTestObjects[13].<<<<<<<

2021-02-24 13:32:54 - [MESSAGE][INFO] - [SELF-HEALING] Failed Locator: '//fieldset[@id='__BVID__495']/div/div/button/div[2]'.

2021-02-24 13:32:55 - [MESSAGE][INFO] - [SELF-HEALING] Working Locator: '//div[2]/div/div[4]/div[2]/fieldset/div/div/button/div[2]'.

2021-02-24 13:32:55 - [MESSAGE][INFO] - [SELF-HEALING] Screenshot: C:/Users/Katesopon/git/Katalon-GitTestRepo/Reports/Self-healing/Object Repository/Used/Package-and-Date/div_Each-Time_position.png

2021-02-24 13:32:55 - [MESSAGE][ERROR] - [SELF-HEALING] com.google.gson.stream.MalformedJsonException: Expected ':' at line 135 column 10 path $.brokenTestObjects[13].<<<<<<<

2021-02-24 13:32:55 - [MESSAGE][ERROR] - [SELF-HEALING] C:\Users\Katesopon\git\Katalon-GitTestRepo\Reports\Self-healing\broken-test-objects.json does not exist or is provided by Self-healing Plugin!

2021-02-24 13:32:55 - [MESSAGE][WARNING] - [SELF-HEALING] The current locator of test object 'Object Repository/Used/Package-and-Date/div_Each-Time' was broken. Propose an alternative one: '//div[2]/div/div[4]/div[2]/fieldset/div/div/button/div[2]'.

2021-02-24 13:32:55 - [MESSAGE][PASSED] - Object: 'Object Repository/Used/Package-and-Date/div_Each-Time' is clicked on

2021-02-24 13:32:55 - [TEST_STEP][PASSED] - click(findTestObject("Used/Package-and-Date/li_0600 - 0800")): Object: 'Object Repository/Used/Package-and-Date/li_0600 - 0800' is clicked on

2021-02-24 13:32:57 - [MESSAGE][INFO] - Unable to find the element located by 'By.xpath: //div[@id='app']/main/div/div[2]/div/div[4]/div[2]/div/div/div/ul/li[2]'. Please recheck the objects properties to make sure the desired element is located. 

2021-02-24 13:32:57 - [MESSAGE][WARNING] - [SELF-HEALING] Failed to find element with id 'Object Repository/Used/Package-and-Date/li_0600 - 0800'. Try using Self-healing.

2021-02-24 13:32:57 - [MESSAGE][ERROR] - [SELF-HEALING] com.google.gson.stream.MalformedJsonException: Expected ':' at line 135 column 10 path $.brokenTestObjects[13].<<<<<<<

2021-02-24 13:32:57 - [MESSAGE][INFO] - [SELF-HEALING] Failed Locator: '//div[@id='app']/main/div/div[2]/div/div[4]/div[2]/div/div/div/ul/li[2]'.

2021-02-24 13:32:58 - [MESSAGE][INFO] - [SELF-HEALING] Working Locator: '(.//*[normalize-space(text()) and normalize-space(.)=concat('No results matched ', '"', '', '"', '')])[4]/following::li[1]'.

2021-02-24 13:32:58 - [MESSAGE][INFO] - [SELF-HEALING] Screenshot: C:/Users/Katesopon/git/Katalon-GitTestRepo/Reports/Self-healing/Object Repository/Used/Package-and-Date/li_0600 - 0800_neighbor.png

2021-02-24 13:32:58 - [MESSAGE][ERROR] - [SELF-HEALING] com.google.gson.stream.MalformedJsonException: Expected ':' at line 135 column 10 path $.brokenTestObjects[13].<<<<<<<

2021-02-24 13:32:58 - [MESSAGE][ERROR] - [SELF-HEALING] C:\Users\Katesopon\git\Katalon-GitTestRepo\Reports\Self-healing\broken-test-objects.json does not exist or is provided by Self-healing Plugin!

2021-02-24 13:32:58 - [MESSAGE][WARNING] - [SELF-HEALING] The current locator of test object 'Object Repository/Used/Package-and-Date/li_0600 - 0800' was broken. Propose an alternative one: '(.//*[normalize-space(text()) and normalize-space(.)=concat('No results matched ', '"', '', '"', '')])[4]/following::li[1]'.

2021-02-24 13:32:58 - [MESSAGE][PASSED] - Object: 'Object Repository/Used/Package-and-Date/li_0600 - 0800' is clicked on

2021-02-24 13:32:58 - [TEST_STEP][PASSED] - click(findTestObject("Used/zElement-Bluuu/span_I Accept")): Object: 'Object Repository/Used/zElement-Bluuu/span_I Accept' is clicked on

2021-02-24 13:33:00 - [MESSAGE][INFO] - Unable to find the element located by 'By.xpath: //div[@id='app']/main/div/div[4]/div[2]/div[2]/div/div/label/span'. Please recheck the objects properties to make sure the desired element is located. 

2021-02-24 13:33:00 - [MESSAGE][WARNING] - [SELF-HEALING] Failed to find element with id 'Object Repository/Used/zElement-Bluuu/span_I Accept'. Try using Self-healing.

2021-02-24 13:33:00 - [MESSAGE][ERROR] - [SELF-HEALING] com.google.gson.stream.MalformedJsonException: Expected ':' at line 135 column 10 path $.brokenTestObjects[13].<<<<<<<

2021-02-24 13:33:00 - [MESSAGE][INFO] - [SELF-HEALING] Failed Locator: '//div[@id='app']/main/div/div[4]/div[2]/div[2]/div/div/label/span'.

2021-02-24 13:33:01 - [MESSAGE][INFO] - [SELF-HEALING] Working Locator: '(.//*[normalize-space(text()) and normalize-space(.)='ฉันมีสุนัข'])[1]/following::span[1]'.

2021-02-24 13:33:01 - [MESSAGE][INFO] - [SELF-HEALING] Screenshot: C:/Users/Katesopon/git/Katalon-GitTestRepo/Reports/Self-healing/Object Repository/Used/zElement-Bluuu/span_I Accept_neighbor.png

2021-02-24 13:33:01 - [MESSAGE][ERROR] - [SELF-HEALING] com.google.gson.stream.MalformedJsonException: Expected ':' at line 135 column 10 path $.brokenTestObjects[13].<<<<<<<

2021-02-24 13:33:01 - [MESSAGE][ERROR] - [SELF-HEALING] C:\Users\Katesopon\git\Katalon-GitTestRepo\Reports\Self-healing\broken-test-objects.json does not exist or is provided by Self-healing Plugin!

2021-02-24 13:33:01 - [MESSAGE][WARNING] - [SELF-HEALING] The current locator of test object 'Object Repository/Used/zElement-Bluuu/span_I Accept' was broken. Propose an alternative one: '(.//*[normalize-space(text()) and normalize-space(.)='ฉันมีสุนัข'])[1]/following::span[1]'.

2021-02-24 13:33:01 - [MESSAGE][PASSED] - Object: 'Object Repository/Used/zElement-Bluuu/span_I Accept' is clicked on

2021-02-24 13:33:01 - [TEST_STEP][PASSED] - click(findTestObject("Used/Package-and-Date/button_Booknow")): Object: 'Object Repository/Used/Package-and-Date/button_Booknow' is clicked on

2021-02-24 13:33:02 - [MESSAGE][PASSED] - Object: 'Object Repository/Used/Package-and-Date/button_Booknow' is clicked on

2021-02-24 13:33:02 - [TEST_STEP][PASSED] - setText(findTestObject("Used/zElement-Bluuu/input_Promotion-Code"), "WELCOME30"): Text 'WELCOME30' is set on object 'Object Repository/Used/zElement-Bluuu/input_Promotion-Code'

2021-02-24 13:33:04 - [MESSAGE][INFO] - Unable to find the element located by 'By.xpath: //input[@id='__BVID__292']'. Please recheck the objects properties to make sure the desired element is located. 

2021-02-24 13:33:04 - [MESSAGE][WARNING] - [SELF-HEALING] Failed to find element with id 'Object Repository/Used/zElement-Bluuu/input_Promotion-Code'. Try using Self-healing.

2021-02-24 13:33:04 - [MESSAGE][ERROR] - [SELF-HEALING] com.google.gson.stream.MalformedJsonException: Expected ':' at line 135 column 10 path $.brokenTestObjects[13].<<<<<<<

2021-02-24 13:33:04 - [MESSAGE][INFO] - [SELF-HEALING] Failed Locator: '//input[@id='__BVID__292']'.

2021-02-24 13:33:04 - [MESSAGE][INFO] - [SELF-HEALING] Failed Locator: '//fieldset[@id='__BVID__291']/div/div/input'.

2021-02-24 13:33:04 - [MESSAGE][INFO] - [SELF-HEALING] Working Locator: '//input'.

2021-02-24 13:33:05 - [MESSAGE][INFO] - [SELF-HEALING] Screenshot: C:/Users/Katesopon/git/Katalon-GitTestRepo/Reports/Self-healing/Object Repository/Used/zElement-Bluuu/input_Promotion-Code_position.png

2021-02-24 13:33:05 - [MESSAGE][ERROR] - [SELF-HEALING] com.google.gson.stream.MalformedJsonException: Expected ':' at line 135 column 10 path $.brokenTestObjects[13].<<<<<<<

2021-02-24 13:33:05 - [MESSAGE][ERROR] - [SELF-HEALING] C:\Users\Katesopon\git\Katalon-GitTestRepo\Reports\Self-healing\broken-test-objects.json does not exist or is provided by Self-healing Plugin!

2021-02-24 13:33:05 - [MESSAGE][WARNING] - [SELF-HEALING] The current locator of test object 'Object Repository/Used/zElement-Bluuu/input_Promotion-Code' was broken. Propose an alternative one: '//input'.

2021-02-24 13:33:07 - [MESSAGE][INFO] - Unable to find the element located by 'By.xpath: //input[@id='__BVID__292']'. Please recheck the objects properties to make sure the desired element is located. 

2021-02-24 13:33:07 - [MESSAGE][WARNING] - [SELF-HEALING] Failed to find element with id 'Object Repository/Used/zElement-Bluuu/input_Promotion-Code'. Try using Self-healing.

2021-02-24 13:33:07 - [MESSAGE][ERROR] - [SELF-HEALING] com.google.gson.stream.MalformedJsonException: Expected ':' at line 135 column 10 path $.brokenTestObjects[13].<<<<<<<

2021-02-24 13:33:07 - [MESSAGE][INFO] - [SELF-HEALING] Failed Locator: '//input[@id='__BVID__292']'.

2021-02-24 13:33:07 - [MESSAGE][INFO] - [SELF-HEALING] Failed Locator: '//fieldset[@id='__BVID__291']/div/div/input'.

2021-02-24 13:33:08 - [MESSAGE][INFO] - [SELF-HEALING] Working Locator: '//input'.

2021-02-24 13:33:08 - [MESSAGE][INFO] - [SELF-HEALING] Screenshot: C:/Users/Katesopon/git/Katalon-GitTestRepo/Reports/Self-healing/Object Repository/Used/zElement-Bluuu/input_Promotion-Code_position.png

2021-02-24 13:33:08 - [MESSAGE][ERROR] - [SELF-HEALING] com.google.gson.stream.MalformedJsonException: Expected ':' at line 135 column 10 path $.brokenTestObjects[13].<<<<<<<

2021-02-24 13:33:08 - [MESSAGE][ERROR] - [SELF-HEALING] C:\Users\Katesopon\git\Katalon-GitTestRepo\Reports\Self-healing\broken-test-objects.json does not exist or is provided by Self-healing Plugin!

2021-02-24 13:33:08 - [MESSAGE][WARNING] - [SELF-HEALING] The current locator of test object 'Object Repository/Used/zElement-Bluuu/input_Promotion-Code' was broken. Propose an alternative one: '//input'.

2021-02-24 13:33:08 - [MESSAGE][PASSED] - Text 'WELCOME30' is set on object 'Object Repository/Used/zElement-Bluuu/input_Promotion-Code'

2021-02-24 13:33:08 - [TEST_STEP][PASSED] - click(findTestObject("Used/zElement-Bluuu/button_Use-Promotion-Code")): Object: 'Object Repository/Used/zElement-Bluuu/button_Use-Promotion-Code' is clicked on

2021-02-24 13:33:08 - [MESSAGE][PASSED] - Object: 'Object Repository/Used/zElement-Bluuu/button_Use-Promotion-Code' is clicked on

2021-02-24 13:33:08 - [TEST_STEP][PASSED] - click(findTestObject("Used/zElement-Bluuu/button_Confirming-From-Promotion")): Object: 'Object Repository/Used/zElement-Bluuu/button_Confirming-From-Promotion' is clicked on

2021-02-24 13:33:09 - [MESSAGE][PASSED] - Object: 'Object Repository/Used/zElement-Bluuu/button_Confirming-From-Promotion' is clicked on

2021-02-24 13:33:09 - [TEST_STEP][PASSED] - click(findTestObject("Used/Page-Payment/a_ClckPromptPay")): Object: 'Object Repository/Used/Page-Payment/a_ClckPromptPay' is clicked on

2021-02-24 13:33:12 - [MESSAGE][PASSED] - Object: 'Object Repository/Used/Page-Payment/a_ClckPromptPay' is clicked on

2021-02-24 13:33:12 - [TEST_STEP][PASSED] - setText(findTestObject("Used/Page-Payment/input_TxtPromptPayName"), "test"): Text 'test' is set on object 'Object Repository/Used/Page-Payment/input_TxtPromptPayName'

2021-02-24 13:33:12 - [MESSAGE][PASSED] - Text 'test' is set on object 'Object Repository/Used/Page-Payment/input_TxtPromptPayName'

2021-02-24 13:33:12 - [TEST_STEP][PASSED] - click(findTestObject("Used/Page-Payment/input_BtnPromptPaySubmit")): Object: 'Object Repository/Used/Page-Payment/input_BtnPromptPaySubmit' is clicked on

2021-02-24 13:33:13 - [MESSAGE][PASSED] - Object: 'Object Repository/Used/Page-Payment/input_BtnPromptPaySubmit' is clicked on

2021-02-24 13:33:13 - [TEST_STEP][PASSED] - waitForElementClickable(findTestObject("Used/zElement-Bluuu/button_MyPayment"), 360): Object 'Object Repository/Used/zElement-Bluuu/button_MyPayment' is clickable

2021-02-24 13:33:43 - [MESSAGE][PASSED] - Object 'Object Repository/Used/zElement-Bluuu/button_MyPayment' is clickable

2021-02-24 13:33:43 - [TEST_STEP][PASSED] - click(findTestObject("Used/zElement-Bluuu/button_MyPayment")): Object: 'Object Repository/Used/zElement-Bluuu/button_MyPayment' is clicked on

2021-02-24 13:33:44 - [MESSAGE][PASSED] - Object: 'Object Repository/Used/zElement-Bluuu/button_MyPayment' is clicked on

2021-02-24 13:33:44 - [TEST_STEP][PASSED] - td_getdura = getText(findTestObject("Object Repository/Temp/Page_Bluuu/td_getdura")): Text of object 'Object Repository/Temp/Page_Bluuu/td_getdura' is: 'แพ็กเกจ: 2 ชม. x 4 ครั้ง'

2021-02-24 13:33:47 - [MESSAGE][INFO] - Unable to find the element located by 'By.xpath: //table[@id='__BVID__166']/tbody/tr/td[2]'. Please recheck the objects properties to make sure the desired element is located. 

2021-02-24 13:33:47 - [MESSAGE][WARNING] - [SELF-HEALING] Failed to find element with id 'Object Repository/Temp/Page_Bluuu/td_getdura'. Try using Self-healing.

2021-02-24 13:33:47 - [MESSAGE][ERROR] - [SELF-HEALING] com.google.gson.stream.MalformedJsonException: Expected ':' at line 135 column 10 path $.brokenTestObjects[13].<<<<<<<

2021-02-24 13:33:47 - [MESSAGE][INFO] - [SELF-HEALING] Failed Locator: '//table[@id='__BVID__166']/tbody/tr/td[2]'.

2021-02-24 13:33:47 - [MESSAGE][INFO] - [SELF-HEALING] Working Locator: '(.//*[normalize-space(text()) and normalize-space(.)='ราคา'])[1]/following::td[2]'.

2021-02-24 13:33:47 - [MESSAGE][INFO] - [SELF-HEALING] Screenshot: C:/Users/Katesopon/git/Katalon-GitTestRepo/Reports/Self-healing/Object Repository/Temp/Page_Bluuu/td_getdura_neighbor.png

2021-02-24 13:33:47 - [MESSAGE][ERROR] - [SELF-HEALING] com.google.gson.stream.MalformedJsonException: Expected ':' at line 135 column 10 path $.brokenTestObjects[13].<<<<<<<

2021-02-24 13:33:47 - [MESSAGE][ERROR] - [SELF-HEALING] C:\Users\Katesopon\git\Katalon-GitTestRepo\Reports\Self-healing\broken-test-objects.json does not exist or is provided by Self-healing Plugin!

2021-02-24 13:33:47 - [MESSAGE][WARNING] - [SELF-HEALING] The current locator of test object 'Object Repository/Temp/Page_Bluuu/td_getdura' was broken. Propose an alternative one: '(.//*[normalize-space(text()) and normalize-space(.)='ราคา'])[1]/following::td[2]'.

2021-02-24 13:33:47 - [MESSAGE][PASSED] - Text of object 'Object Repository/Temp/Page_Bluuu/td_getdura' is: 'แพ็กเกจ: 2 ชม. x 4 ครั้ง'

2021-02-24 13:33:47 - [TEST_STEP][PASSED] - getmaid = getText(findTestObject("Object Repository/Temp/Page_Bluuu/span_getmaid")): Text of object 'Object Repository/Temp/Page_Bluuu/span_getmaid' is: 'Mark 〽️ Phoom'

2021-02-24 13:33:50 - [MESSAGE][INFO] - Unable to find the element located by 'By.xpath: //table[@id='__BVID__166']/tbody/tr/td[4]/div/span'. Please recheck the objects properties to make sure the desired element is located. 

2021-02-24 13:33:50 - [MESSAGE][WARNING] - [SELF-HEALING] Failed to find element with id 'Object Repository/Temp/Page_Bluuu/span_getmaid'. Try using Self-healing.

2021-02-24 13:33:50 - [MESSAGE][ERROR] - [SELF-HEALING] com.google.gson.stream.MalformedJsonException: Expected ':' at line 135 column 10 path $.brokenTestObjects[13].<<<<<<<

2021-02-24 13:33:50 - [MESSAGE][INFO] - [SELF-HEALING] Failed Locator: '//table[@id='__BVID__166']/tbody/tr/td[4]/div/span'.

2021-02-24 13:33:50 - [MESSAGE][INFO] - [SELF-HEALING] Working Locator: '(.//*[normalize-space(text()) and normalize-space(.)='แพ็กเกจ: 2 ชม. x 4 ครั้ง'])[1]/following::span[1]'.

2021-02-24 13:33:50 - [MESSAGE][INFO] - [SELF-HEALING] Screenshot: C:/Users/Katesopon/git/Katalon-GitTestRepo/Reports/Self-healing/Object Repository/Temp/Page_Bluuu/span_getmaid_neighbor.png

2021-02-24 13:33:50 - [MESSAGE][ERROR] - [SELF-HEALING] com.google.gson.stream.MalformedJsonException: Expected ':' at line 135 column 10 path $.brokenTestObjects[13].<<<<<<<

2021-02-24 13:33:50 - [MESSAGE][ERROR] - [SELF-HEALING] C:\Users\Katesopon\git\Katalon-GitTestRepo\Reports\Self-healing\broken-test-objects.json does not exist or is provided by Self-healing Plugin!

2021-02-24 13:33:50 - [MESSAGE][WARNING] - [SELF-HEALING] The current locator of test object 'Object Repository/Temp/Page_Bluuu/span_getmaid' was broken. Propose an alternative one: '(.//*[normalize-space(text()) and normalize-space(.)='แพ็กเกจ: 2 ชม. x 4 ครั้ง'])[1]/following::span[1]'.

2021-02-24 13:33:50 - [MESSAGE][PASSED] - Text of object 'Object Repository/Temp/Page_Bluuu/span_getmaid' is: 'Mark 〽️ Phoom'

2021-02-24 13:33:50 - [TEST_STEP][PASSED] - if (td_getdura == "แพ็กเกจ: 2 ชม. x 4 ครั้ง"): null

2021-02-24 13:33:50 - [TEST_STEP][PASSED] - a = 1: null

2021-02-24 13:33:50 - [TEST_STEP][PASSED] - if (getmaid == "Mark 〽️ Phoom"): null

2021-02-24 13:33:50 - [TEST_STEP][PASSED] - b = 1: null

2021-02-24 13:33:50 - [TEST_STEP][PASSED] - if (a + b == 2): Browser is closed

2021-02-24 13:33:50 - [TEST_STEP][PASSED] - closeBrowser(): Browser is closed

2021-02-24 13:33:51 - [MESSAGE][PASSED] - Browser is closed]]></system-out>
         <system-err><![CDATA[]]></system-err>
      </testcase>
      <system-out><![CDATA[2021-02-24 13:29:07 - [TEST_SUITE][PASSED] - Package: Test Cases/Login before use a service/14_MP with Promotion]]></system-out>
      <system-err><![CDATA[]]></system-err>
   </testsuite>
</testsuites>
